[
  {
    "Plan": {
      "Node Type": "Gather",
      "Parallel Aware": false,
      "Startup Cost": 9544.32,
      "Total Cost": 106236.59,
      "Plan Rows": 233,
      "Plan Width": 178,
      "Actual Startup Time": 5889.993,
      "Actual Total Time": 13441.323,
      "Actual Rows": 244677,
      "Actual Loops": 1,
      "Output": ["item.i_product_name", "item.i_item_sk", "store.s_store_name", "store.s_zip", "ad1.ca_street_number", "ad1.ca_street_name", "ad1.ca_city", "ad1.ca_zip", "ad2.ca_street_number", "ad2.ca_street_name", "ad2.ca_city", "ad2.ca_zip", "d1.d_year", "d2.d_year", "d3.d_year", "store_sales.ss_wholesale_cost", "store_sales.ss_list_price", "store_sales.ss_coupon_amt"],
      "Workers Planned": 2,
      "Workers Launched": 2,
      "JIT": {
        "Worker Number": 0,
        "Functions": 93,
        "Options": {
          "Inlining": false,
          "Optimization": false,
          "Expressions": true,
          "Deforming": true
        },
        "Timing": {
          "Generation": 17.095,
          "Inlining": 0.000,
          "Optimization": 4.529,
          "Emission": 35.090,
          "Total": 56.714
        }
      },
      "JIT": {
        "Worker Number": 1,
        "Functions": 93,
        "Options": {
          "Inlining": false,
          "Optimization": false,
          "Expressions": true,
          "Deforming": true
        },
        "Timing": {
          "Generation": 6.028,
          "Inlining": 0.000,
          "Optimization": 2.430,
          "Emission": 34.294,
          "Total": 42.753
        }
      },
      "Single Copy": false,
      "Shared Hit Blocks": 8301104,
      "Shared Read Blocks": 57552,
      "Shared Dirtied Blocks": 0,
      "Shared Written Blocks": 0,
      "Local Hit Blocks": 0,
      "Local Read Blocks": 0,
      "Local Dirtied Blocks": 0,
      "Local Written Blocks": 0,
      "Temp Read Blocks": 24965,
      "Temp Written Blocks": 24988,
      "Plans": [
        {
          "Node Type": "Hash Join",
          "Parent Relationship": "Outer",
          "Parallel Aware": false,
          "Join Type": "Inner",
          "Startup Cost": 8544.32,
          "Total Cost": 105213.29,
          "Plan Rows": 97,
          "Plan Width": 178,
          "Actual Startup Time": 5859.176,
          "Actual Total Time": 13370.037,
          "Actual Rows": 81559,
          "Actual Loops": 3,
          "Output": ["item.i_product_name", "item.i_item_sk", "store.s_store_name", "store.s_zip", "ad1.ca_street_number", "ad1.ca_street_name", "ad1.ca_city", "ad1.ca_zip", "ad2.ca_street_number", "ad2.ca_street_name", "ad2.ca_city", "ad2.ca_zip", "d1.d_year", "d2.d_year", "d3.d_year", "store_sales.ss_wholesale_cost", "store_sales.ss_list_price", "store_sales.ss_coupon_amt"],
          "Inner Unique": true,
          "Hash Cond": "(store_sales.ss_store_sk = store.s_store_sk)",
          "Shared Hit Blocks": 8301104,
          "Shared Read Blocks": 57552,
          "Shared Dirtied Blocks": 0,
          "Shared Written Blocks": 0,
          "Local Hit Blocks": 0,
          "Local Read Blocks": 0,
          "Local Dirtied Blocks": 0,
          "Local Written Blocks": 0,
          "Temp Read Blocks": 24965,
          "Temp Written Blocks": 24988,
          "Workers": [
            {
              "Worker Number": 0,
              "Actual Startup Time": 5842.065,
              "Actual Total Time": 13567.318,
              "Actual Rows": 82180,
              "Actual Loops": 1,
              "Shared Hit Blocks": 2788338,
              "Shared Read Blocks": 19029,
              "Shared Dirtied Blocks": 0,
              "Shared Written Blocks": 0,
              "Local Hit Blocks": 0,
              "Local Read Blocks": 0,
              "Local Dirtied Blocks": 0,
              "Local Written Blocks": 0,
              "Temp Read Blocks": 8392,
              "Temp Written Blocks": 8300
            },
            {
              "Worker Number": 1,
              "Actual Startup Time": 5846.272,
              "Actual Total Time": 13574.539,
              "Actual Rows": 84628,
              "Actual Loops": 1,
              "Shared Hit Blocks": 2870939,
              "Shared Read Blocks": 19137,
              "Shared Dirtied Blocks": 0,
              "Shared Written Blocks": 0,
              "Local Hit Blocks": 0,
              "Local Read Blocks": 0,
              "Local Dirtied Blocks": 0,
              "Local Written Blocks": 0,
              "Temp Read Blocks": 8619,
              "Temp Written Blocks": 8320
            }
          ],
          "Plans": [
            {
              "Node Type": "Nested Loop",
              "Parent Relationship": "Outer",
              "Parallel Aware": false,
              "Join Type": "Inner",
              "Startup Cost": 8543.05,
              "Total Cost": 105211.66,
              "Plan Rows": 102,
              "Plan Width": 166,
              "Actual Startup Time": 5820.436,
              "Actual Total Time": 13102.414,
              "Actual Rows": 81617,
              "Actual Loops": 3,
              "Output": ["store_sales.ss_wholesale_cost", "store_sales.ss_list_price", "store_sales.ss_coupon_amt", "store_sales.ss_store_sk", "d3.d_year", "item.i_product_name", "item.i_item_sk", "ad1.ca_street_number", "ad1.ca_street_name", "ad1.ca_city", "ad1.ca_zip", "d2.d_year", "ad2.ca_street_number", "ad2.ca_street_name", "ad2.ca_city", "ad2.ca_zip", "d1.d_year"],
              "Inner Unique": true,
              "Shared Hit Blocks": 8301042,
              "Shared Read Blocks": 57552,
              "Shared Dirtied Blocks": 0,
              "Shared Written Blocks": 0,
              "Local Hit Blocks": 0,
              "Local Read Blocks": 0,
              "Local Dirtied Blocks": 0,
              "Local Written Blocks": 0,
              "Temp Read Blocks": 24965,
              "Temp Written Blocks": 24988,
              "Workers": [
                {
                  "Worker Number": 0,
                  "Actual Startup Time": 5801.490,
                  "Actual Total Time": 13292.812,
                  "Actual Rows": 82241,
                  "Actual Loops": 1,
                  "Shared Hit Blocks": 2788309,
                  "Shared Read Blocks": 19029,
                  "Shared Dirtied Blocks": 0,
                  "Shared Written Blocks": 0,
                  "Local Hit Blocks": 0,
                  "Local Read Blocks": 0,
                  "Local Dirtied Blocks": 0,
                  "Local Written Blocks": 0,
                  "Temp Read Blocks": 8392,
                  "Temp Written Blocks": 8300
                },
                {
                  "Worker Number": 1,
                  "Actual Startup Time": 5808.848,
                  "Actual Total Time": 13300.981,
                  "Actual Rows": 84680,
                  "Actual Loops": 1,
                  "Shared Hit Blocks": 2870910,
                  "Shared Read Blocks": 19137,
                  "Shared Dirtied Blocks": 0,
                  "Shared Written Blocks": 0,
                  "Local Hit Blocks": 0,
                  "Local Read Blocks": 0,
                  "Local Dirtied Blocks": 0,
                  "Local Written Blocks": 0,
                  "Temp Read Blocks": 8619,
                  "Temp Written Blocks": 8320
                }
              ],
              "Plans": [
                {
                  "Node Type": "Nested Loop",
                  "Parent Relationship": "Outer",
                  "Parallel Aware": false,
                  "Join Type": "Inner",
                  "Startup Cost": 8542.76,
                  "Total Cost": 105178.55,
                  "Plan Rows": 106,
                  "Plan Width": 166,
                  "Actual Startup Time": 5820.423,
                  "Actual Total Time": 12572.729,
                  "Actual Rows": 81749,
                  "Actual Loops": 3,
                  "Output": ["store_sales.ss_wholesale_cost", "store_sales.ss_list_price", "store_sales.ss_coupon_amt", "store_sales.ss_store_sk", "store_sales.ss_sold_date_sk", "d3.d_year", "item.i_product_name", "item.i_item_sk", "ad1.ca_street_number", "ad1.ca_street_name", "ad1.ca_city", "ad1.ca_zip", "d2.d_year", "ad2.ca_street_number", "ad2.ca_street_name", "ad2.ca_city", "ad2.ca_zip"],
                  "Inner Unique": true,
                  "Shared Hit Blocks": 7566486,
                  "Shared Read Blocks": 57552,
                  "Shared Dirtied Blocks": 0,
                  "Shared Written Blocks": 0,
                  "Local Hit Blocks": 0,
                  "Local Read Blocks": 0,
                  "Local Dirtied Blocks": 0,
                  "Local Written Blocks": 0,
                  "Temp Read Blocks": 24965,
                  "Temp Written Blocks": 24988,
                  "Workers": [
                    {
                      "Worker Number": 0,
                      "Actual Startup Time": 5801.479,
                      "Actual Total Time": 12741.417,
                      "Actual Rows": 82376,
                      "Actual Loops": 1,
                      "Shared Hit Blocks": 2541586,
                      "Shared Read Blocks": 19029,
                      "Shared Dirtied Blocks": 0,
                      "Shared Written Blocks": 0,
                      "Local Hit Blocks": 0,
                      "Local Read Blocks": 0,
                      "Local Dirtied Blocks": 0,
                      "Local Written Blocks": 0,
                      "Temp Read Blocks": 8392,
                      "Temp Written Blocks": 8300
                    },
                    {
                      "Worker Number": 1,
                      "Actual Startup Time": 5808.833,
                      "Actual Total Time": 12759.074,
                      "Actual Rows": 84811,
                      "Actual Loops": 1,
                      "Shared Hit Blocks": 2616870,
                      "Shared Read Blocks": 19137,
                      "Shared Dirtied Blocks": 0,
                      "Shared Written Blocks": 0,
                      "Local Hit Blocks": 0,
                      "Local Read Blocks": 0,
                      "Local Dirtied Blocks": 0,
                      "Local Written Blocks": 0,
                      "Temp Read Blocks": 8619,
                      "Temp Written Blocks": 8320
                    }
                  ],
                  "Plans": [
                    {
                      "Node Type": "Nested Loop",
                      "Parent Relationship": "Outer",
                      "Parallel Aware": false,
                      "Join Type": "Inner",
                      "Startup Cost": 8542.47,
                      "Total Cost": 105140.56,
                      "Plan Rows": 106,
                      "Plan Width": 130,
                      "Actual Startup Time": 5820.410,
                      "Actual Total Time": 11986.122,
                      "Actual Rows": 81749,
                      "Actual Loops": 3,
                      "Output": ["store_sales.ss_wholesale_cost", "store_sales.ss_list_price", "store_sales.ss_coupon_amt", "store_sales.ss_store_sk", "store_sales.ss_sold_date_sk", "customer.c_current_addr_sk", "d3.d_year", "item.i_product_name", "item.i_item_sk", "ad1.ca_street_number", "ad1.ca_street_name", "ad1.ca_city", "ad1.ca_zip", "d2.d_year"],
                      "Inner Unique": true,
                      "Shared Hit Blocks": 6830745,
                      "Shared Read Blocks": 57552,
                      "Shared Dirtied Blocks": 0,
                      "Shared Written Blocks": 0,
                      "Local Hit Blocks": 0,
                      "Local Read Blocks": 0,
                      "Local Dirtied Blocks": 0,
                      "Local Written Blocks": 0,
                      "Temp Read Blocks": 24965,
                      "Temp Written Blocks": 24988,
                      "Workers": [
                        {
                          "Worker Number": 0,
                          "Actual Startup Time": 5801.466,
                          "Actual Total Time": 12139.542,
                          "Actual Rows": 82376,
                          "Actual Loops": 1,
                          "Shared Hit Blocks": 2294458,
                          "Shared Read Blocks": 19029,
                          "Shared Dirtied Blocks": 0,
                          "Shared Written Blocks": 0,
                          "Local Hit Blocks": 0,
                          "Local Read Blocks": 0,
                          "Local Dirtied Blocks": 0,
                          "Local Written Blocks": 0,
                          "Temp Read Blocks": 8392,
                          "Temp Written Blocks": 8300
                        },
                        {
                          "Worker Number": 1,
                          "Actual Startup Time": 5808.818,
                          "Actual Total Time": 12155.479,
                          "Actual Rows": 84811,
                          "Actual Loops": 1,
                          "Shared Hit Blocks": 2362437,
                          "Shared Read Blocks": 19137,
                          "Shared Dirtied Blocks": 0,
                          "Shared Written Blocks": 0,
                          "Local Hit Blocks": 0,
                          "Local Read Blocks": 0,
                          "Local Dirtied Blocks": 0,
                          "Local Written Blocks": 0,
                          "Temp Read Blocks": 8619,
                          "Temp Written Blocks": 8320
                        }
                      ],
                      "Plans": [
                        {
                          "Node Type": "Hash Join",
                          "Parent Relationship": "Outer",
                          "Parallel Aware": false,
                          "Join Type": "Inner",
                          "Startup Cost": 8542.18,
                          "Total Cost": 105099.01,
                          "Plan Rows": 110,
                          "Plan Width": 130,
                          "Actual Startup Time": 5820.400,
                          "Actual Total Time": 11465.819,
                          "Actual Rows": 82156,
                          "Actual Loops": 3,
                          "Output": ["store_sales.ss_wholesale_cost", "store_sales.ss_list_price", "store_sales.ss_coupon_amt", "store_sales.ss_store_sk", "store_sales.ss_sold_date_sk", "customer.c_current_addr_sk", "customer.c_first_sales_date_sk", "d3.d_year", "item.i_product_name", "item.i_item_sk", "ad1.ca_street_number", "ad1.ca_street_name", "ad1.ca_city", "ad1.ca_zip"],
                          "Inner Unique": true,
                          "Hash Cond": "(hd1.hd_income_band_sk = ib1.ib_income_band_sk)",
                          "Shared Hit Blocks": 6095004,
                          "Shared Read Blocks": 57552,
                          "Shared Dirtied Blocks": 0,
                          "Shared Written Blocks": 0,
                          "Local Hit Blocks": 0,
                          "Local Read Blocks": 0,
                          "Local Dirtied Blocks": 0,
                          "Local Written Blocks": 0,
                          "Temp Read Blocks": 24965,
                          "Temp Written Blocks": 24988,
                          "Workers": [
                            {
                              "Worker Number": 0,
                              "Actual Startup Time": 5801.455,
                              "Actual Total Time": 11597.196,
                              "Actual Rows": 82789,
                              "Actual Loops": 1,
                              "Shared Hit Blocks": 2047330,
                              "Shared Read Blocks": 19029,
                              "Shared Dirtied Blocks": 0,
                              "Shared Written Blocks": 0,
                              "Local Hit Blocks": 0,
                              "Local Read Blocks": 0,
                              "Local Dirtied Blocks": 0,
                              "Local Written Blocks": 0,
                              "Temp Read Blocks": 8392,
                              "Temp Written Blocks": 8300
                            },
                            {
                              "Worker Number": 1,
                              "Actual Startup Time": 5808.807,
                              "Actual Total Time": 11624.491,
                              "Actual Rows": 85266,
                              "Actual Loops": 1,
                              "Shared Hit Blocks": 2108004,
                              "Shared Read Blocks": 19137,
                              "Shared Dirtied Blocks": 0,
                              "Shared Written Blocks": 0,
                              "Local Hit Blocks": 0,
                              "Local Read Blocks": 0,
                              "Local Dirtied Blocks": 0,
                              "Local Written Blocks": 0,
                              "Temp Read Blocks": 8619,
                              "Temp Written Blocks": 8320
                            }
                          ],
                          "Plans": [
                            {
                              "Node Type": "Nested Loop",
                              "Parent Relationship": "Outer",
                              "Parallel Aware": false,
                              "Join Type": "Inner",
                              "Startup Cost": 8540.73,
                              "Total Cost": 105097.20,
                              "Plan Rows": 110,
                              "Plan Width": 134,
                              "Actual Startup Time": 5820.308,
                              "Actual Total Time": 11237.212,
                              "Actual Rows": 82156,
                              "Actual Loops": 3,
                              "Output": ["store_sales.ss_wholesale_cost", "store_sales.ss_list_price", "store_sales.ss_coupon_amt", "store_sales.ss_store_sk", "store_sales.ss_sold_date_sk", "customer.c_current_addr_sk", "customer.c_first_sales_date_sk", "d3.d_year", "item.i_product_name", "item.i_item_sk", "ad1.ca_street_number", "ad1.ca_street_name", "ad1.ca_city", "ad1.ca_zip", "hd1.hd_income_band_sk"],
                              "Inner Unique": true,
                              "Shared Hit Blocks": 6095001,
                              "Shared Read Blocks": 57552,
                              "Shared Dirtied Blocks": 0,
                              "Shared Written Blocks": 0,
                              "Local Hit Blocks": 0,
                              "Local Read Blocks": 0,
                              "Local Dirtied Blocks": 0,
                              "Local Written Blocks": 0,
                              "Temp Read Blocks": 24965,
                              "Temp Written Blocks": 24988,
                              "Workers": [
                                {
                                  "Worker Number": 0,
                                  "Actual Startup Time": 5801.353,
                                  "Actual Total Time": 11365.556,
                                  "Actual Rows": 82789,
                                  "Actual Loops": 1,
                                  "Shared Hit Blocks": 2047329,
                                  "Shared Read Blocks": 19029,
                                  "Shared Dirtied Blocks": 0,
                                  "Shared Written Blocks": 0,
                                  "Local Hit Blocks": 0,
                                  "Local Read Blocks": 0,
                                  "Local Dirtied Blocks": 0,
                                  "Local Written Blocks": 0,
                                  "Temp Read Blocks": 8392,
                                  "Temp Written Blocks": 8300
                                },
                                {
                                  "Worker Number": 1,
                                  "Actual Startup Time": 5808.714,
                                  "Actual Total Time": 11387.959,
                                  "Actual Rows": 85266,
                                  "Actual Loops": 1,
                                  "Shared Hit Blocks": 2108003,
                                  "Shared Read Blocks": 19137,
                                  "Shared Dirtied Blocks": 0,
                                  "Shared Written Blocks": 0,
                                  "Local Hit Blocks": 0,
                                  "Local Read Blocks": 0,
                                  "Local Dirtied Blocks": 0,
                                  "Local Written Blocks": 0,
                                  "Temp Read Blocks": 8619,
                                  "Temp Written Blocks": 8320
                                }
                              ],
                              "Plans": [
                                {
                                  "Node Type": "Hash Join",
                                  "Parent Relationship": "Outer",
                                  "Parallel Aware": false,
                                  "Join Type": "Inner",
                                  "Startup Cost": 8540.44,
                                  "Total Cost": 105062.69,
                                  "Plan Rows": 115,
                                  "Plan Width": 134,
                                  "Actual Startup Time": 5820.295,
                                  "Actual Total Time": 10688.540,
                                  "Actual Rows": 82426,
                                  "Actual Loops": 3,
                                  "Output": ["store_sales.ss_wholesale_cost", "store_sales.ss_list_price", "store_sales.ss_coupon_amt", "store_sales.ss_store_sk", "store_sales.ss_sold_date_sk", "store_sales.ss_hdemo_sk", "customer.c_current_addr_sk", "customer.c_first_sales_date_sk", "d3.d_year", "item.i_product_name", "item.i_item_sk", "ad1.ca_street_number", "ad1.ca_street_name", "ad1.ca_city", "ad1.ca_zip"],
                                  "Inner Unique": true,
                                  "Hash Cond": "(hd2.hd_income_band_sk = ib2.ib_income_band_sk)",
                                  "Shared Hit Blocks": 5355597,
                                  "Shared Read Blocks": 57552,
                                  "Shared Dirtied Blocks": 0,
                                  "Shared Written Blocks": 0,
                                  "Local Hit Blocks": 0,
                                  "Local Read Blocks": 0,
                                  "Local Dirtied Blocks": 0,
                                  "Local Written Blocks": 0,
                                  "Temp Read Blocks": 24965,
                                  "Temp Written Blocks": 24988,
                                  "Workers": [
                                    {
                                      "Worker Number": 0,
                                      "Actual Startup Time": 5801.341,
                                      "Actual Total Time": 10795.471,
                                      "Actual Rows": 83066,
                                      "Actual Loops": 1,
                                      "Shared Hit Blocks": 1798962,
                                      "Shared Read Blocks": 19029,
                                      "Shared Dirtied Blocks": 0,
                                      "Shared Written Blocks": 0,
                                      "Local Hit Blocks": 0,
                                      "Local Read Blocks": 0,
                                      "Local Dirtied Blocks": 0,
                                      "Local Written Blocks": 0,
                                      "Temp Read Blocks": 8392,
                                      "Temp Written Blocks": 8300
                                    },
                                    {
                                      "Worker Number": 1,
                                      "Actual Startup Time": 5808.700,
                                      "Actual Total Time": 10825.951,
                                      "Actual Rows": 85557,
                                      "Actual Loops": 1,
                                      "Shared Hit Blocks": 1852205,
                                      "Shared Read Blocks": 19137,
                                      "Shared Dirtied Blocks": 0,
                                      "Shared Written Blocks": 0,
                                      "Local Hit Blocks": 0,
                                      "Local Read Blocks": 0,
                                      "Local Dirtied Blocks": 0,
                                      "Local Written Blocks": 0,
                                      "Temp Read Blocks": 8619,
                                      "Temp Written Blocks": 8320
                                    }
                                  ],
                                  "Plans": [
                                    {
                                      "Node Type": "Nested Loop",
                                      "Parent Relationship": "Outer",
                                      "Parallel Aware": false,
                                      "Join Type": "Inner",
                                      "Startup Cost": 8538.99,
                                      "Total Cost": 105060.87,
                                      "Plan Rows": 115,
                                      "Plan Width": 138,
                                      "Actual Startup Time": 5820.223,
                                      "Actual Total Time": 10458.321,
                                      "Actual Rows": 82426,
                                      "Actual Loops": 3,
                                      "Output": ["store_sales.ss_wholesale_cost", "store_sales.ss_list_price", "store_sales.ss_coupon_amt", "store_sales.ss_store_sk", "store_sales.ss_sold_date_sk", "store_sales.ss_hdemo_sk", "customer.c_current_addr_sk", "customer.c_first_sales_date_sk", "d3.d_year", "hd2.hd_income_band_sk", "item.i_product_name", "item.i_item_sk", "ad1.ca_street_number", "ad1.ca_street_name", "ad1.ca_city", "ad1.ca_zip"],
                                      "Inner Unique": true,
                                      "Shared Hit Blocks": 5355594,
                                      "Shared Read Blocks": 57552,
                                      "Shared Dirtied Blocks": 0,
                                      "Shared Written Blocks": 0,
                                      "Local Hit Blocks": 0,
                                      "Local Read Blocks": 0,
                                      "Local Dirtied Blocks": 0,
                                      "Local Written Blocks": 0,
                                      "Temp Read Blocks": 24965,
                                      "Temp Written Blocks": 24988,
                                      "Workers": [
                                        {
                                          "Worker Number": 0,
                                          "Actual Startup Time": 5801.270,
                                          "Actual Total Time": 10562.748,
                                          "Actual Rows": 83066,
                                          "Actual Loops": 1,
                                          "Shared Hit Blocks": 1798961,
                                          "Shared Read Blocks": 19029,
                                          "Shared Dirtied Blocks": 0,
                                          "Shared Written Blocks": 0,
                                          "Local Hit Blocks": 0,
                                          "Local Read Blocks": 0,
                                          "Local Dirtied Blocks": 0,
                                          "Local Written Blocks": 0,
                                          "Temp Read Blocks": 8392,
                                          "Temp Written Blocks": 8300
                                        },
                                        {
                                          "Worker Number": 1,
                                          "Actual Startup Time": 5808.639,
                                          "Actual Total Time": 10587.111,
                                          "Actual Rows": 85557,
                                          "Actual Loops": 1,
                                          "Shared Hit Blocks": 1852204,
                                          "Shared Read Blocks": 19137,
                                          "Shared Dirtied Blocks": 0,
                                          "Shared Written Blocks": 0,
                                          "Local Hit Blocks": 0,
                                          "Local Read Blocks": 0,
                                          "Local Dirtied Blocks": 0,
                                          "Local Written Blocks": 0,
                                          "Temp Read Blocks": 8619,
                                          "Temp Written Blocks": 8320
                                        }
                                      ],
                                      "Plans": [
                                        {
                                          "Node Type": "Nested Loop",
                                          "Parent Relationship": "Outer",
                                          "Parallel Aware": false,
                                          "Join Type": "Inner",
                                          "Startup Cost": 8538.70,
                                          "Total Cost": 105023.76,
                                          "Plan Rows": 120,
                                          "Plan Width": 102,
                                          "Actual Startup Time": 5820.203,
                                          "Actual Total Time": 9860.030,
                                          "Actual Rows": 82920,
                                          "Actual Loops": 3,
                                          "Output": ["store_sales.ss_wholesale_cost", "store_sales.ss_list_price", "store_sales.ss_coupon_amt", "store_sales.ss_store_sk", "store_sales.ss_sold_date_sk", "store_sales.ss_hdemo_sk", "store_sales.ss_addr_sk", "customer.c_current_addr_sk", "customer.c_first_sales_date_sk", "d3.d_year", "hd2.hd_income_band_sk", "item.i_product_name", "item.i_item_sk"],
                                          "Inner Unique": true,
                                          "Shared Hit Blocks": 4613761,
                                          "Shared Read Blocks": 57552,
                                          "Shared Dirtied Blocks": 0,
                                          "Shared Written Blocks": 0,
                                          "Local Hit Blocks": 0,
                                          "Local Read Blocks": 0,
                                          "Local Dirtied Blocks": 0,
                                          "Local Written Blocks": 0,
                                          "Temp Read Blocks": 24965,
                                          "Temp Written Blocks": 24988,
                                          "Workers": [
                                            {
                                              "Worker Number": 0,
                                              "Actual Startup Time": 5801.253,
                                              "Actual Total Time": 9948.368,
                                              "Actual Rows": 83598,
                                              "Actual Loops": 1,
                                              "Shared Hit Blocks": 1549762,
                                              "Shared Read Blocks": 19029,
                                              "Shared Dirtied Blocks": 0,
                                              "Shared Written Blocks": 0,
                                              "Local Hit Blocks": 0,
                                              "Local Read Blocks": 0,
                                              "Local Dirtied Blocks": 0,
                                              "Local Written Blocks": 0,
                                              "Temp Read Blocks": 8392,
                                              "Temp Written Blocks": 8300
                                            },
                                            {
                                              "Worker Number": 1,
                                              "Actual Startup Time": 5808.615,
                                              "Actual Total Time": 9971.487,
                                              "Actual Rows": 86036,
                                              "Actual Loops": 1,
                                              "Shared Hit Blocks": 1595532,
                                              "Shared Read Blocks": 19137,
                                              "Shared Dirtied Blocks": 0,
                                              "Shared Written Blocks": 0,
                                              "Local Hit Blocks": 0,
                                              "Local Read Blocks": 0,
                                              "Local Dirtied Blocks": 0,
                                              "Local Written Blocks": 0,
                                              "Temp Read Blocks": 8619,
                                              "Temp Written Blocks": 8320
                                            }
                                          ],
                                          "Plans": [
                                            {
                                              "Node Type": "Nested Loop",
                                              "Parent Relationship": "Outer",
                                              "Parallel Aware": false,
                                              "Join Type": "Inner",
                                              "Startup Cost": 8538.42,
                                              "Total Cost": 104986.94,
                                              "Plan Rows": 120,
                                              "Plan Width": 55,
                                              "Actual Startup Time": 5820.186,
                                              "Actual Total Time": 9253.825,
                                              "Actual Rows": 82920,
                                              "Actual Loops": 3,
                                              "Output": ["store_returns.sr_item_sk", "store_sales.ss_wholesale_cost", "store_sales.ss_list_price", "store_sales.ss_coupon_amt", "store_sales.ss_store_sk", "store_sales.ss_sold_date_sk", "store_sales.ss_hdemo_sk", "store_sales.ss_addr_sk", "store_sales.ss_item_sk", "customer.c_current_addr_sk", "customer.c_first_sales_date_sk", "d3.d_year", "hd2.hd_income_band_sk"],
                                              "Inner Unique": true,
                                              "Shared Hit Blocks": 3867482,
                                              "Shared Read Blocks": 57552,
                                              "Shared Dirtied Blocks": 0,
                                              "Shared Written Blocks": 0,
                                              "Local Hit Blocks": 0,
                                              "Local Read Blocks": 0,
                                              "Local Dirtied Blocks": 0,
                                              "Local Written Blocks": 0,
                                              "Temp Read Blocks": 24965,
                                              "Temp Written Blocks": 24988,
                                              "Workers": [
                                                {
                                                  "Worker Number": 0,
                                                  "Actual Startup Time": 5801.236,
                                                  "Actual Total Time": 9329.093,
                                                  "Actual Rows": 83598,
                                                  "Actual Loops": 1,
                                                  "Shared Hit Blocks": 1298967,
                                                  "Shared Read Blocks": 19029,
                                                  "Shared Dirtied Blocks": 0,
                                                  "Shared Written Blocks": 0,
                                                  "Local Hit Blocks": 0,
                                                  "Local Read Blocks": 0,
                                                  "Local Dirtied Blocks": 0,
                                                  "Local Written Blocks": 0,
                                                  "Temp Read Blocks": 8392,
                                                  "Temp Written Blocks": 8300
                                                },
                                                {
                                                  "Worker Number": 1,
                                                  "Actual Startup Time": 5808.594,
                                                  "Actual Total Time": 9345.374,
                                                  "Actual Rows": 86036,
                                                  "Actual Loops": 1,
                                                  "Shared Hit Blocks": 1337423,
                                                  "Shared Read Blocks": 19137,
                                                  "Shared Dirtied Blocks": 0,
                                                  "Shared Written Blocks": 0,
                                                  "Local Hit Blocks": 0,
                                                  "Local Read Blocks": 0,
                                                  "Local Dirtied Blocks": 0,
                                                  "Local Written Blocks": 0,
                                                  "Temp Read Blocks": 8619,
                                                  "Temp Written Blocks": 8320
                                                }
                                              ],
                                              "Plans": [
                                                {
                                                  "Node Type": "Nested Loop",
                                                  "Parent Relationship": "Outer",
                                                  "Parallel Aware": false,
                                                  "Join Type": "Inner",
                                                  "Startup Cost": 8538.13,
                                                  "Total Cost": 104949.07,
                                                  "Plan Rows": 125,
                                                  "Plan Width": 55,
                                                  "Actual Startup Time": 5820.168,
                                                  "Actual Total Time": 8696.339,
                                                  "Actual Rows": 83727,
                                                  "Actual Loops": 3,
                                                  "Output": ["store_returns.sr_item_sk", "store_sales.ss_wholesale_cost", "store_sales.ss_list_price", "store_sales.ss_coupon_amt", "store_sales.ss_store_sk", "store_sales.ss_sold_date_sk", "store_sales.ss_hdemo_sk", "store_sales.ss_addr_sk", "store_sales.ss_item_sk", "customer.c_current_hdemo_sk", "customer.c_current_addr_sk", "customer.c_first_sales_date_sk", "d3.d_year"],
                                                  "Inner Unique": true,
                                                  "Shared Hit Blocks": 3121203,
                                                  "Shared Read Blocks": 57552,
                                                  "Shared Dirtied Blocks": 0,
                                                  "Shared Written Blocks": 0,
                                                  "Local Hit Blocks": 0,
                                                  "Local Read Blocks": 0,
                                                  "Local Dirtied Blocks": 0,
                                                  "Local Written Blocks": 0,
                                                  "Temp Read Blocks": 24965,
                                                  "Temp Written Blocks": 24988,
                                                  "Workers": [
                                                    {
                                                      "Worker Number": 0,
                                                      "Actual Startup Time": 5801.216,
                                                      "Actual Total Time": 8749.943,
                                                      "Actual Rows": 84376,
                                                      "Actual Loops": 1,
                                                      "Shared Hit Blocks": 1048172,
                                                      "Shared Read Blocks": 19029,
                                                      "Shared Dirtied Blocks": 0,
                                                      "Shared Written Blocks": 0,
                                                      "Local Hit Blocks": 0,
                                                      "Local Read Blocks": 0,
                                                      "Local Dirtied Blocks": 0,
                                                      "Local Written Blocks": 0,
                                                      "Temp Read Blocks": 8392,
                                                      "Temp Written Blocks": 8300
                                                    },
                                                    {
                                                      "Worker Number": 1,
                                                      "Actual Startup Time": 5808.573,
                                                      "Actual Total Time": 8774.128,
                                                      "Actual Rows": 86862,
                                                      "Actual Loops": 1,
                                                      "Shared Hit Blocks": 1079314,
                                                      "Shared Read Blocks": 19137,
                                                      "Shared Dirtied Blocks": 0,
                                                      "Shared Written Blocks": 0,
                                                      "Local Hit Blocks": 0,
                                                      "Local Read Blocks": 0,
                                                      "Local Dirtied Blocks": 0,
                                                      "Local Written Blocks": 0,
                                                      "Temp Read Blocks": 8619,
                                                      "Temp Written Blocks": 8320
                                                    }
                                                  ],
                                                  "Plans": [
                                                    {
                                                      "Node Type": "Nested Loop",
                                                      "Parent Relationship": "Outer",
                                                      "Parallel Aware": false,
                                                      "Join Type": "Inner",
                                                      "Startup Cost": 8537.84,
                                                      "Total Cost": 104900.34,
                                                      "Plan Rows": 129,
                                                      "Plan Width": 55,
                                                      "Actual Startup Time": 5820.147,
                                                      "Actual Total Time": 8135.724,
                                                      "Actual Rows": 85233,
                                                      "Actual Loops": 3,
                                                      "Output": ["store_returns.sr_item_sk", "store_sales.ss_wholesale_cost", "store_sales.ss_list_price", "store_sales.ss_coupon_amt", "store_sales.ss_store_sk", "store_sales.ss_sold_date_sk", "store_sales.ss_hdemo_sk", "store_sales.ss_addr_sk", "store_sales.ss_item_sk", "customer.c_current_hdemo_sk", "customer.c_current_addr_sk", "customer.c_first_sales_date_sk", "customer.c_first_shipto_date_sk"],
                                                      "Inner Unique": true,
                                                      "Shared Hit Blocks": 2367661,
                                                      "Shared Read Blocks": 57552,
                                                      "Shared Dirtied Blocks": 0,
                                                      "Shared Written Blocks": 0,
                                                      "Local Hit Blocks": 0,
                                                      "Local Read Blocks": 0,
                                                      "Local Dirtied Blocks": 0,
                                                      "Local Written Blocks": 0,
                                                      "Temp Read Blocks": 24965,
                                                      "Temp Written Blocks": 24988,
                                                      "Workers": [
                                                        {
                                                          "Worker Number": 0,
                                                          "Actual Startup Time": 5801.189,
                                                          "Actual Total Time": 8170.280,
                                                          "Actual Rows": 85937,
                                                          "Actual Loops": 1,
                                                          "Shared Hit Blocks": 795043,
                                                          "Shared Read Blocks": 19029,
                                                          "Shared Dirtied Blocks": 0,
                                                          "Shared Written Blocks": 0,
                                                          "Local Hit Blocks": 0,
                                                          "Local Read Blocks": 0,
                                                          "Local Dirtied Blocks": 0,
                                                          "Local Written Blocks": 0,
                                                          "Temp Read Blocks": 8392,
                                                          "Temp Written Blocks": 8300
                                                        },
                                                        {
                                                          "Worker Number": 1,
                                                          "Actual Startup Time": 5808.551,
                                                          "Actual Total Time": 8199.037,
                                                          "Actual Rows": 88391,
                                                          "Actual Loops": 1,
                                                          "Shared Hit Blocks": 818727,
                                                          "Shared Read Blocks": 19137,
                                                          "Shared Dirtied Blocks": 0,
                                                          "Shared Written Blocks": 0,
                                                          "Local Hit Blocks": 0,
                                                          "Local Read Blocks": 0,
                                                          "Local Dirtied Blocks": 0,
                                                          "Local Written Blocks": 0,
                                                          "Temp Read Blocks": 8619,
                                                          "Temp Written Blocks": 8320
                                                        }
                                                      ],
                                                      "Plans": [
                                                        {
                                                          "Node Type": "Nested Loop",
                                                          "Parent Relationship": "Outer",
                                                          "Parallel Aware": false,
                                                          "Join Type": "Inner",
                                                          "Startup Cost": 8537.41,
                                                          "Total Cost": 104812.48,
                                                          "Plan Rows": 134,
                                                          "Plan Width": 59,
                                                          "Actual Startup Time": 5820.131,
                                                          "Actual Total Time": 7501.377,
                                                          "Actual Rows": 88282,
                                                          "Actual Loops": 3,
                                                          "Output": ["store_returns.sr_item_sk", "store_sales.ss_wholesale_cost", "store_sales.ss_list_price", "store_sales.ss_coupon_amt", "store_sales.ss_store_sk", "store_sales.ss_sold_date_sk", "store_sales.ss_hdemo_sk", "store_sales.ss_addr_sk", "store_sales.ss_item_sk", "customer.c_current_cdemo_sk", "customer.c_current_hdemo_sk", "customer.c_current_addr_sk", "customer.c_first_sales_date_sk", "customer.c_first_shipto_date_sk"],
                                                          "Inner Unique": true,
                                                          "Shared Hit Blocks": 1600564,
                                                          "Shared Read Blocks": 57552,
                                                          "Shared Dirtied Blocks": 0,
                                                          "Shared Written Blocks": 0,
                                                          "Local Hit Blocks": 0,
                                                          "Local Read Blocks": 0,
                                                          "Local Dirtied Blocks": 0,
                                                          "Local Written Blocks": 0,
                                                          "Temp Read Blocks": 24965,
                                                          "Temp Written Blocks": 24988,
                                                          "Workers": [
                                                            {
                                                              "Worker Number": 0,
                                                              "Actual Startup Time": 5801.172,
                                                              "Actual Total Time": 7516.234,
                                                              "Actual Rows": 88918,
                                                              "Actual Loops": 1,
                                                              "Shared Hit Blocks": 537231,
                                                              "Shared Read Blocks": 19029,
                                                              "Shared Dirtied Blocks": 0,
                                                              "Shared Written Blocks": 0,
                                                              "Local Hit Blocks": 0,
                                                              "Local Read Blocks": 0,
                                                              "Local Dirtied Blocks": 0,
                                                              "Local Written Blocks": 0,
                                                              "Temp Read Blocks": 8392,
                                                              "Temp Written Blocks": 8300
                                                            },
                                                            {
                                                              "Worker Number": 1,
                                                              "Actual Startup Time": 5808.536,
                                                              "Actual Total Time": 7547.797,
                                                              "Actual Rows": 91577,
                                                              "Actual Loops": 1,
                                                              "Shared Hit Blocks": 553553,
                                                              "Shared Read Blocks": 19137,
                                                              "Shared Dirtied Blocks": 0,
                                                              "Shared Written Blocks": 0,
                                                              "Local Hit Blocks": 0,
                                                              "Local Read Blocks": 0,
                                                              "Local Dirtied Blocks": 0,
                                                              "Local Written Blocks": 0,
                                                              "Temp Read Blocks": 8619,
                                                              "Temp Written Blocks": 8320
                                                            }
                                                          ],
                                                          "Plans": [
                                                            {
                                                              "Node Type": "Nested Loop",
                                                              "Parent Relationship": "Outer",
                                                              "Parallel Aware": false,
                                                              "Join Type": "Inner",
                                                              "Startup Cost": 8537.12,
                                                              "Total Cost": 104768.47,
                                                              "Plan Rows": 140,
                                                              "Plan Width": 43,
                                                              "Actual Startup Time": 5820.109,
                                                              "Actual Total Time": 6837.072,
                                                              "Actual Rows": 89353,
                                                              "Actual Loops": 3,
                                                              "Output": ["store_returns.sr_item_sk", "store_sales.ss_wholesale_cost", "store_sales.ss_list_price", "store_sales.ss_coupon_amt", "store_sales.ss_store_sk", "store_sales.ss_sold_date_sk", "store_sales.ss_customer_sk", "store_sales.ss_hdemo_sk", "store_sales.ss_addr_sk", "store_sales.ss_item_sk"],
                                                              "Inner Unique": true,
                                                              "Shared Hit Blocks": 806027,
                                                              "Shared Read Blocks": 57552,
                                                              "Shared Dirtied Blocks": 0,
                                                              "Shared Written Blocks": 0,
                                                              "Local Hit Blocks": 0,
                                                              "Local Read Blocks": 0,
                                                              "Local Dirtied Blocks": 0,
                                                              "Local Written Blocks": 0,
                                                              "Temp Read Blocks": 24965,
                                                              "Temp Written Blocks": 24988,
                                                              "Workers": [
                                                                {
                                                                  "Worker Number": 0,
                                                                  "Actual Startup Time": 5801.143,
                                                                  "Actual Total Time": 6834.180,
                                                                  "Actual Rows": 89956,
                                                                  "Actual Loops": 1,
                                                                  "Shared Hit Blocks": 270476,
                                                                  "Shared Read Blocks": 19029,
                                                                  "Shared Dirtied Blocks": 0,
                                                                  "Shared Written Blocks": 0,
                                                                  "Local Hit Blocks": 0,
                                                                  "Local Read Blocks": 0,
                                                                  "Local Dirtied Blocks": 0,
                                                                  "Local Written Blocks": 0,
                                                                  "Temp Read Blocks": 8392,
                                                                  "Temp Written Blocks": 8300
                                                                },
                                                                {
                                                                  "Worker Number": 1,
                                                                  "Actual Startup Time": 5808.516,
                                                                  "Actual Total Time": 6864.066,
                                                                  "Actual Rows": 92735,
                                                                  "Actual Loops": 1,
                                                                  "Shared Hit Blocks": 278821,
                                                                  "Shared Read Blocks": 19137,
                                                                  "Shared Dirtied Blocks": 0,
                                                                  "Shared Written Blocks": 0,
                                                                  "Local Hit Blocks": 0,
                                                                  "Local Read Blocks": 0,
                                                                  "Local Dirtied Blocks": 0,
                                                                  "Local Written Blocks": 0,
                                                                  "Temp Read Blocks": 8619,
                                                                  "Temp Written Blocks": 8320
                                                                }
                                                              ],
                                                              "Plans": [
                                                                {
                                                                  "Node Type": "Hash Join",
                                                                  "Parent Relationship": "Outer",
                                                                  "Parallel Aware": true,
                                                                  "Join Type": "Inner",
                                                                  "Startup Cost": 8536.69,
                                                                  "Total Cost": 104702.43,
                                                                  "Plan Rows": 146,
                                                                  "Plan Width": 47,
                                                                  "Actual Startup Time": 5820.069,
                                                                  "Actual Total Time": 6164.813,
                                                                  "Actual Rows": 91511,
                                                                  "Actual Loops": 3,
                                                                  "Output": ["store_returns.sr_item_sk", "store_sales.ss_wholesale_cost", "store_sales.ss_list_price", "store_sales.ss_coupon_amt", "store_sales.ss_store_sk", "store_sales.ss_sold_date_sk", "store_sales.ss_customer_sk", "store_sales.ss_cdemo_sk", "store_sales.ss_hdemo_sk", "store_sales.ss_addr_sk", "store_sales.ss_item_sk"],
                                                                  "Inner Unique": true,
                                                                  "Hash Cond": "((store_sales.ss_item_sk = store_returns.sr_item_sk) AND (store_sales.ss_ticket_number = store_returns.sr_ticket_number))",
                                                                  "Shared Hit Blocks": 1848,
                                                                  "Shared Read Blocks": 57552,
                                                                  "Shared Dirtied Blocks": 0,
                                                                  "Shared Written Blocks": 0,
                                                                  "Local Hit Blocks": 0,
                                                                  "Local Read Blocks": 0,
                                                                  "Local Dirtied Blocks": 0,
                                                                  "Local Written Blocks": 0,
                                                                  "Temp Read Blocks": 24965,
                                                                  "Temp Written Blocks": 24988,
                                                                  "Workers": [
                                                                    {
                                                                      "Worker Number": 0,
                                                                      "Actual Startup Time": 5801.095,
                                                                      "Actual Total Time": 6139.170,
                                                                      "Actual Rows": 92129,
                                                                      "Actual Loops": 1,
                                                                      "Shared Hit Blocks": 606,
                                                                      "Shared Read Blocks": 19029,
                                                                      "Shared Dirtied Blocks": 0,
                                                                      "Shared Written Blocks": 0,
                                                                      "Local Hit Blocks": 0,
                                                                      "Local Read Blocks": 0,
                                                                      "Local Dirtied Blocks": 0,
                                                                      "Local Written Blocks": 0,
                                                                      "Temp Read Blocks": 8392,
                                                                      "Temp Written Blocks": 8300
                                                                    },
                                                                    {
                                                                      "Worker Number": 1,
                                                                      "Actual Startup Time": 5808.469,
                                                                      "Actual Total Time": 6174.331,
                                                                      "Actual Rows": 94958,
                                                                      "Actual Loops": 1,
                                                                      "Shared Hit Blocks": 614,
                                                                      "Shared Read Blocks": 19137,
                                                                      "Shared Dirtied Blocks": 0,
                                                                      "Shared Written Blocks": 0,
                                                                      "Local Hit Blocks": 0,
                                                                      "Local Read Blocks": 0,
                                                                      "Local Dirtied Blocks": 0,
                                                                      "Local Written Blocks": 0,
                                                                      "Temp Read Blocks": 8619,
                                                                      "Temp Written Blocks": 8320
                                                                    }
                                                                  ],
                                                                  "Plans": [
                                                                    {
                                                                      "Node Type": "Hash Join",
                                                                      "Parent Relationship": "Outer",
                                                                      "Parallel Aware": false,
                                                                      "Join Type": "Inner",
                                                                      "Startup Cost": 14.75,
                                                                      "Total Cost": 69526.49,
                                                                      "Plan Rows": 1147047,
                                                                      "Plan Width": 47,
                                                                      "Actual Startup Time": 0.941,
                                                                      "Actual Total Time": 4129.473,
                                                                      "Actual Rows": 916973,
                                                                      "Actual Loops": 3,
                                                                      "Output": ["store_sales.ss_wholesale_cost", "store_sales.ss_list_price", "store_sales.ss_coupon_amt", "store_sales.ss_store_sk", "store_sales.ss_sold_date_sk", "store_sales.ss_customer_sk", "store_sales.ss_cdemo_sk", "store_sales.ss_hdemo_sk", "store_sales.ss_addr_sk", "store_sales.ss_item_sk", "store_sales.ss_ticket_number"],
                                                                      "Inner Unique": true,
                                                                      "Hash Cond": "(store_sales.ss_promo_sk = promotion.p_promo_sk)",
                                                                      "Shared Hit Blocks": 1149,
                                                                      "Shared Read Blocks": 53192,
                                                                      "Shared Dirtied Blocks": 0,
                                                                      "Shared Written Blocks": 0,
                                                                      "Local Hit Blocks": 0,
                                                                      "Local Read Blocks": 0,
                                                                      "Local Dirtied Blocks": 0,
                                                                      "Local Written Blocks": 0,
                                                                      "Temp Read Blocks": 0,
                                                                      "Temp Written Blocks": 0,
                                                                      "Workers": [
                                                                        {
                                                                          "Worker Number": 0,
                                                                          "Actual Startup Time": 0.959,
                                                                          "Actual Total Time": 4127.415,
                                                                          "Actual Rows": 915978,
                                                                          "Actual Loops": 1,
                                                                          "Shared Hit Blocks": 381,
                                                                          "Shared Read Blocks": 17715,
                                                                          "Shared Dirtied Blocks": 0,
                                                                          "Shared Written Blocks": 0,
                                                                          "Local Hit Blocks": 0,
                                                                          "Local Read Blocks": 0,
                                                                          "Local Dirtied Blocks": 0,
                                                                          "Local Written Blocks": 0,
                                                                          "Temp Read Blocks": 0,
                                                                          "Temp Written Blocks": 0
                                                                        },
                                                                        {
                                                                          "Worker Number": 1,
                                                                          "Actual Startup Time": 0.935,
                                                                          "Actual Total Time": 4131.230,
                                                                          "Actual Rows": 916935,
                                                                          "Actual Loops": 1,
                                                                          "Shared Hit Blocks": 385,
                                                                          "Shared Read Blocks": 17726,
                                                                          "Shared Dirtied Blocks": 0,
                                                                          "Shared Written Blocks": 0,
                                                                          "Local Hit Blocks": 0,
                                                                          "Local Read Blocks": 0,
                                                                          "Local Dirtied Blocks": 0,
                                                                          "Local Written Blocks": 0,
                                                                          "Temp Read Blocks": 0,
                                                                          "Temp Written Blocks": 0
                                                                        }
                                                                      ],
                                                                      "Plans": [
                                                                        {
                                                                          "Node Type": "Seq Scan",
                                                                          "Parent Relationship": "Outer",
                                                                          "Parallel Aware": true,
                                                                          "Relation Name": "store_sales",
                                                                          "Schema": "public",
                                                                          "Alias": "store_sales",
                                                                          "Startup Cost": 0.00,
                                                                          "Total Cost": 66318.75,
                                                                          "Plan Rows": 1200175,
                                                                          "Plan Width": 51,
                                                                          "Actual Startup Time": 0.027,
                                                                          "Actual Total Time": 1411.209,
                                                                          "Actual Rows": 960135,
                                                                          "Actual Loops": 3,
                                                                          "Output": ["store_sales.ss_sold_date_sk", "store_sales.ss_sold_time_sk", "store_sales.ss_item_sk", "store_sales.ss_customer_sk", "store_sales.ss_cdemo_sk", "store_sales.ss_hdemo_sk", "store_sales.ss_addr_sk", "store_sales.ss_store_sk", "store_sales.ss_promo_sk", "store_sales.ss_ticket_number", "store_sales.ss_quantity", "store_sales.ss_wholesale_cost", "store_sales.ss_list_price", "store_sales.ss_sales_price", "store_sales.ss_ext_discount_amt", "store_sales.ss_ext_sales_price", "store_sales.ss_ext_wholesale_cost", "store_sales.ss_ext_list_price", "store_sales.ss_ext_tax", "store_sales.ss_coupon_amt", "store_sales.ss_net_paid", "store_sales.ss_net_paid_inc_tax", "store_sales.ss_net_profit", "store_sales.dummy"],
                                                                          "Shared Hit Blocks": 1125,
                                                                          "Shared Read Blocks": 53192,
                                                                          "Shared Dirtied Blocks": 0,
                                                                          "Shared Written Blocks": 0,
                                                                          "Local Hit Blocks": 0,
                                                                          "Local Read Blocks": 0,
                                                                          "Local Dirtied Blocks": 0,
                                                                          "Local Written Blocks": 0,
                                                                          "Temp Read Blocks": 0,
                                                                          "Temp Written Blocks": 0,
                                                                          "Workers": [
                                                                            {
                                                                              "Worker Number": 0,
                                                                              "Actual Startup Time": 0.035,
                                                                              "Actual Total Time": 1420.271,
                                                                              "Actual Rows": 959358,
                                                                              "Actual Loops": 1,
                                                                              "Shared Hit Blocks": 373,
                                                                              "Shared Read Blocks": 17715,
                                                                              "Shared Dirtied Blocks": 0,
                                                                              "Shared Written Blocks": 0,
                                                                              "Local Hit Blocks": 0,
                                                                              "Local Read Blocks": 0,
                                                                              "Local Dirtied Blocks": 0,
                                                                              "Local Written Blocks": 0,
                                                                              "Temp Read Blocks": 0,
                                                                              "Temp Written Blocks": 0
                                                                            },
                                                                            {
                                                                              "Worker Number": 1,
                                                                              "Actual Startup Time": 0.028,
                                                                              "Actual Total Time": 1408.511,
                                                                              "Actual Rows": 959925,
                                                                              "Actual Loops": 1,
                                                                              "Shared Hit Blocks": 377,
                                                                              "Shared Read Blocks": 17726,
                                                                              "Shared Dirtied Blocks": 0,
                                                                              "Shared Written Blocks": 0,
                                                                              "Local Hit Blocks": 0,
                                                                              "Local Read Blocks": 0,
                                                                              "Local Dirtied Blocks": 0,
                                                                              "Local Written Blocks": 0,
                                                                              "Temp Read Blocks": 0,
                                                                              "Temp Written Blocks": 0
                                                                            }
                                                                          ]
                                                                        },
                                                                        {
                                                                          "Node Type": "Hash",
                                                                          "Parent Relationship": "Inner",
                                                                          "Parallel Aware": false,
                                                                          "Startup Cost": 11.00,
                                                                          "Total Cost": 11.00,
                                                                          "Plan Rows": 300,
                                                                          "Plan Width": 4,
                                                                          "Actual Startup Time": 0.896,
                                                                          "Actual Total Time": 0.900,
                                                                          "Actual Rows": 300,
                                                                          "Actual Loops": 3,
                                                                          "Output": ["promotion.p_promo_sk"],
                                                                          "Hash Buckets": 1024,
                                                                          "Original Hash Buckets": 1024,
                                                                          "Hash Batches": 1,
                                                                          "Original Hash Batches": 1,
                                                                          "Peak Memory Usage": 19,
                                                                          "Shared Hit Blocks": 24,
                                                                          "Shared Read Blocks": 0,
                                                                          "Shared Dirtied Blocks": 0,
                                                                          "Shared Written Blocks": 0,
                                                                          "Local Hit Blocks": 0,
                                                                          "Local Read Blocks": 0,
                                                                          "Local Dirtied Blocks": 0,
                                                                          "Local Written Blocks": 0,
                                                                          "Temp Read Blocks": 0,
                                                                          "Temp Written Blocks": 0,
                                                                          "Workers": [
                                                                            {
                                                                              "Worker Number": 0,
                                                                              "Actual Startup Time": 0.904,
                                                                              "Actual Total Time": 0.908,
                                                                              "Actual Rows": 300,
                                                                              "Actual Loops": 1,
                                                                              "Shared Hit Blocks": 8,
                                                                              "Shared Read Blocks": 0,
                                                                              "Shared Dirtied Blocks": 0,
                                                                              "Shared Written Blocks": 0,
                                                                              "Local Hit Blocks": 0,
                                                                              "Local Read Blocks": 0,
                                                                              "Local Dirtied Blocks": 0,
                                                                              "Local Written Blocks": 0,
                                                                              "Temp Read Blocks": 0,
                                                                              "Temp Written Blocks": 0
                                                                            },
                                                                            {
                                                                              "Worker Number": 1,
                                                                              "Actual Startup Time": 0.891,
                                                                              "Actual Total Time": 0.895,
                                                                              "Actual Rows": 300,
                                                                              "Actual Loops": 1,
                                                                              "Shared Hit Blocks": 8,
                                                                              "Shared Read Blocks": 0,
                                                                              "Shared Dirtied Blocks": 0,
                                                                              "Shared Written Blocks": 0,
                                                                              "Local Hit Blocks": 0,
                                                                              "Local Read Blocks": 0,
                                                                              "Local Dirtied Blocks": 0,
                                                                              "Local Written Blocks": 0,
                                                                              "Temp Read Blocks": 0,
                                                                              "Temp Written Blocks": 0
                                                                            }
                                                                          ],
                                                                          "Plans": [
                                                                            {
                                                                              "Node Type": "Seq Scan",
                                                                              "Parent Relationship": "Outer",
                                                                              "Parallel Aware": false,
                                                                              "Relation Name": "promotion",
                                                                              "Schema": "public",
                                                                              "Alias": "promotion",
                                                                              "Startup Cost": 0.00,
                                                                              "Total Cost": 11.00,
                                                                              "Plan Rows": 300,
                                                                              "Plan Width": 4,
                                                                              "Actual Startup Time": 0.016,
                                                                              "Actual Total Time": 0.458,
                                                                              "Actual Rows": 300,
                                                                              "Actual Loops": 3,
                                                                              "Output": ["promotion.p_promo_sk"],
                                                                              "Shared Hit Blocks": 24,
                                                                              "Shared Read Blocks": 0,
                                                                              "Shared Dirtied Blocks": 0,
                                                                              "Shared Written Blocks": 0,
                                                                              "Local Hit Blocks": 0,
                                                                              "Local Read Blocks": 0,
                                                                              "Local Dirtied Blocks": 0,
                                                                              "Local Written Blocks": 0,
                                                                              "Temp Read Blocks": 0,
                                                                              "Temp Written Blocks": 0,
                                                                              "Workers": [
                                                                                {
                                                                                  "Worker Number": 0,
                                                                                  "Actual Startup Time": 0.020,
                                                                                  "Actual Total Time": 0.468,
                                                                                  "Actual Rows": 300,
                                                                                  "Actual Loops": 1,
                                                                                  "Shared Hit Blocks": 8,
                                                                                  "Shared Read Blocks": 0,
                                                                                  "Shared Dirtied Blocks": 0,
                                                                                  "Shared Written Blocks": 0,
                                                                                  "Local Hit Blocks": 0,
                                                                                  "Local Read Blocks": 0,
                                                                                  "Local Dirtied Blocks": 0,
                                                                                  "Local Written Blocks": 0,
                                                                                  "Temp Read Blocks": 0,
                                                                                  "Temp Written Blocks": 0
                                                                                },
                                                                                {
                                                                                  "Worker Number": 1,
                                                                                  "Actual Startup Time": 0.014,
                                                                                  "Actual Total Time": 0.457,
                                                                                  "Actual Rows": 300,
                                                                                  "Actual Loops": 1,
                                                                                  "Shared Hit Blocks": 8,
                                                                                  "Shared Read Blocks": 0,
                                                                                  "Shared Dirtied Blocks": 0,
                                                                                  "Shared Written Blocks": 0,
                                                                                  "Local Hit Blocks": 0,
                                                                                  "Local Read Blocks": 0,
                                                                                  "Local Dirtied Blocks": 0,
                                                                                  "Local Written Blocks": 0,
                                                                                  "Temp Read Blocks": 0,
                                                                                  "Temp Written Blocks": 0
                                                                                }
                                                                              ]
                                                                            }
                                                                          ]
                                                                        }
                                                                      ]
                                                                    },
                                                                    {
                                                                      "Node Type": "Hash",
                                                                      "Parent Relationship": "Inner",
                                                                      "Parallel Aware": true,
                                                                      "Startup Cost": 6256.98,
                                                                      "Total Cost": 6256.98,
                                                                      "Plan Rows": 119798,
                                                                      "Plan Width": 8,
                                                                      "Actual Startup Time": 288.054,
                                                                      "Actual Total Time": 288.058,
                                                                      "Actual Rows": 95838,
                                                                      "Actual Loops": 3,
                                                                      "Output": ["store_returns.sr_item_sk", "store_returns.sr_ticket_number"],
                                                                      "Hash Buckets": 131072,
                                                                      "Original Hash Buckets": 131072,
                                                                      "Hash Batches": 4,
                                                                      "Original Hash Batches": 4,
                                                                      "Peak Memory Usage": 3872,
                                                                      "Shared Hit Blocks": 699,
                                                                      "Shared Read Blocks": 4360,
                                                                      "Shared Dirtied Blocks": 0,
                                                                      "Shared Written Blocks": 0,
                                                                      "Local Hit Blocks": 0,
                                                                      "Local Read Blocks": 0,
                                                                      "Local Dirtied Blocks": 0,
                                                                      "Local Written Blocks": 0,
                                                                      "Temp Read Blocks": 0,
                                                                      "Temp Written Blocks": 748,
                                                                      "Workers": [
                                                                        {
                                                                          "Worker Number": 0,
                                                                          "Actual Startup Time": 267.643,
                                                                          "Actual Total Time": 267.647,
                                                                          "Actual Rows": 87503,
                                                                          "Actual Loops": 1,
                                                                          "Shared Hit Blocks": 225,
                                                                          "Shared Read Blocks": 1314,
                                                                          "Shared Dirtied Blocks": 0,
                                                                          "Shared Written Blocks": 0,
                                                                          "Local Hit Blocks": 0,
                                                                          "Local Read Blocks": 0,
                                                                          "Local Dirtied Blocks": 0,
                                                                          "Local Written Blocks": 0,
                                                                          "Temp Read Blocks": 0,
                                                                          "Temp Written Blocks": 228
                                                                        },
                                                                        {
                                                                          "Worker Number": 1,
                                                                          "Actual Startup Time": 281.121,
                                                                          "Actual Total Time": 281.126,
                                                                          "Actual Rows": 93180,
                                                                          "Actual Loops": 1,
                                                                          "Shared Hit Blocks": 229,
                                                                          "Shared Read Blocks": 1411,
                                                                          "Shared Dirtied Blocks": 0,
                                                                          "Shared Written Blocks": 0,
                                                                          "Local Hit Blocks": 0,
                                                                          "Local Read Blocks": 0,
                                                                          "Local Dirtied Blocks": 0,
                                                                          "Local Written Blocks": 0,
                                                                          "Temp Read Blocks": 0,
                                                                          "Temp Written Blocks": 244
                                                                        }
                                                                      ],
                                                                      "Plans": [
                                                                        {
                                                                          "Node Type": "Seq Scan",
                                                                          "Parent Relationship": "Outer",
                                                                          "Parallel Aware": true,
                                                                          "Relation Name": "store_returns",
                                                                          "Schema": "public",
                                                                          "Alias": "store_returns",
                                                                          "Startup Cost": 0.00,
                                                                          "Total Cost": 6256.98,
                                                                          "Plan Rows": 119798,
                                                                          "Plan Width": 8,
                                                                          "Actual Startup Time": 0.025,
                                                                          "Actual Total Time": 143.085,
                                                                          "Actual Rows": 95838,
                                                                          "Actual Loops": 3,
                                                                          "Output": ["store_returns.sr_item_sk", "store_returns.sr_ticket_number"],
                                                                          "Shared Hit Blocks": 699,
                                                                          "Shared Read Blocks": 4360,
                                                                          "Shared Dirtied Blocks": 0,
                                                                          "Shared Written Blocks": 0,
                                                                          "Local Hit Blocks": 0,
                                                                          "Local Read Blocks": 0,
                                                                          "Local Dirtied Blocks": 0,
                                                                          "Local Written Blocks": 0,
                                                                          "Temp Read Blocks": 0,
                                                                          "Temp Written Blocks": 0,
                                                                          "Workers": [
                                                                            {
                                                                              "Worker Number": 0,
                                                                              "Actual Startup Time": 0.019,
                                                                              "Actual Total Time": 133.876,
                                                                              "Actual Rows": 87503,
                                                                              "Actual Loops": 1,
                                                                              "Shared Hit Blocks": 225,
                                                                              "Shared Read Blocks": 1314,
                                                                              "Shared Dirtied Blocks": 0,
                                                                              "Shared Written Blocks": 0,
                                                                              "Local Hit Blocks": 0,
                                                                              "Local Read Blocks": 0,
                                                                              "Local Dirtied Blocks": 0,
                                                                              "Local Written Blocks": 0,
                                                                              "Temp Read Blocks": 0,
                                                                              "Temp Written Blocks": 0
                                                                            },
                                                                            {
                                                                              "Worker Number": 1,
                                                                              "Actual Startup Time": 0.018,
                                                                              "Actual Total Time": 139.179,
                                                                              "Actual Rows": 93180,
                                                                              "Actual Loops": 1,
                                                                              "Shared Hit Blocks": 229,
                                                                              "Shared Read Blocks": 1411,
                                                                              "Shared Dirtied Blocks": 0,
                                                                              "Shared Written Blocks": 0,
                                                                              "Local Hit Blocks": 0,
                                                                              "Local Read Blocks": 0,
                                                                              "Local Dirtied Blocks": 0,
                                                                              "Local Written Blocks": 0,
                                                                              "Temp Read Blocks": 0,
                                                                              "Temp Written Blocks": 0
                                                                            }
                                                                          ]
                                                                        }
                                                                      ]
                                                                    }
                                                                  ]
                                                                },
                                                                {
                                                                  "Node Type": "Index Only Scan",
                                                                  "Parent Relationship": "Inner",
                                                                  "Parallel Aware": false,
                                                                  "Scan Direction": "Forward",
                                                                  "Index Name": "customer_demographics_pkey",
                                                                  "Relation Name": "customer_demographics",
                                                                  "Schema": "public",
                                                                  "Alias": "cd1",
                                                                  "Startup Cost": 0.43,
                                                                  "Total Cost": 0.45,
                                                                  "Plan Rows": 1,
                                                                  "Plan Width": 4,
                                                                  "Actual Startup Time": 0.003,
                                                                  "Actual Total Time": 0.003,
                                                                  "Actual Rows": 1,
                                                                  "Actual Loops": 274532,
                                                                  "Output": ["cd1.cd_demo_sk"],
                                                                  "Index Cond": "(cd1.cd_demo_sk = store_sales.ss_cdemo_sk)",
                                                                  "Rows Removed by Index Recheck": 0,
                                                                  "Heap Fetches": 0,
                                                                  "Shared Hit Blocks": 804179,
                                                                  "Shared Read Blocks": 0,
                                                                  "Shared Dirtied Blocks": 0,
                                                                  "Shared Written Blocks": 0,
                                                                  "Local Hit Blocks": 0,
                                                                  "Local Read Blocks": 0,
                                                                  "Local Dirtied Blocks": 0,
                                                                  "Local Written Blocks": 0,
                                                                  "Temp Read Blocks": 0,
                                                                  "Temp Written Blocks": 0,
                                                                  "Workers": [
                                                                    {
                                                                      "Worker Number": 0,
                                                                      "Actual Startup Time": 0.003,
                                                                      "Actual Total Time": 0.003,
                                                                      "Actual Rows": 1,
                                                                      "Actual Loops": 92129,
                                                                      "Shared Hit Blocks": 269870,
                                                                      "Shared Read Blocks": 0,
                                                                      "Shared Dirtied Blocks": 0,
                                                                      "Shared Written Blocks": 0,
                                                                      "Local Hit Blocks": 0,
                                                                      "Local Read Blocks": 0,
                                                                      "Local Dirtied Blocks": 0,
                                                                      "Local Written Blocks": 0,
                                                                      "Temp Read Blocks": 0,
                                                                      "Temp Written Blocks": 0
                                                                    },
                                                                    {
                                                                      "Worker Number": 1,
                                                                      "Actual Startup Time": 0.003,
                                                                      "Actual Total Time": 0.003,
                                                                      "Actual Rows": 1,
                                                                      "Actual Loops": 94958,
                                                                      "Shared Hit Blocks": 278207,
                                                                      "Shared Read Blocks": 0,
                                                                      "Shared Dirtied Blocks": 0,
                                                                      "Shared Written Blocks": 0,
                                                                      "Local Hit Blocks": 0,
                                                                      "Local Read Blocks": 0,
                                                                      "Local Dirtied Blocks": 0,
                                                                      "Local Written Blocks": 0,
                                                                      "Temp Read Blocks": 0,
                                                                      "Temp Written Blocks": 0
                                                                    }
                                                                  ]
                                                                }
                                                              ]
                                                            },
                                                            {
                                                              "Node Type": "Index Scan",
                                                              "Parent Relationship": "Inner",
                                                              "Parallel Aware": false,
                                                              "Scan Direction": "Forward",
                                                              "Index Name": "customer_pkey",
                                                              "Relation Name": "customer",
                                                              "Schema": "public",
                                                              "Alias": "customer",
                                                              "Startup Cost": 0.29,
                                                              "Total Cost": 0.31,
                                                              "Plan Rows": 1,
                                                              "Plan Width": 24,
                                                              "Actual Startup Time": 0.003,
                                                              "Actual Total Time": 0.003,
                                                              "Actual Rows": 1,
                                                              "Actual Loops": 268058,
                                                              "Output": ["customer.c_customer_sk", "customer.c_customer_id", "customer.c_current_cdemo_sk", "customer.c_current_hdemo_sk", "customer.c_current_addr_sk", "customer.c_first_shipto_date_sk", "customer.c_first_sales_date_sk", "customer.c_salutation", "customer.c_first_name", "customer.c_last_name", "customer.c_preferred_cust_flag", "customer.c_birth_day", "customer.c_birth_month", "customer.c_birth_year", "customer.c_birth_country", "customer.c_login", "customer.c_email_address", "customer.c_last_review_date", "customer.dummy"],
                                                              "Index Cond": "(customer.c_customer_sk = store_sales.ss_customer_sk)",
                                                              "Rows Removed by Index Recheck": 0,
                                                              "Shared Hit Blocks": 794537,
                                                              "Shared Read Blocks": 0,
                                                              "Shared Dirtied Blocks": 0,
                                                              "Shared Written Blocks": 0,
                                                              "Local Hit Blocks": 0,
                                                              "Local Read Blocks": 0,
                                                              "Local Dirtied Blocks": 0,
                                                              "Local Written Blocks": 0,
                                                              "Temp Read Blocks": 0,
                                                              "Temp Written Blocks": 0,
                                                              "Workers": [
                                                                {
                                                                  "Worker Number": 0,
                                                                  "Actual Startup Time": 0.003,
                                                                  "Actual Total Time": 0.003,
                                                                  "Actual Rows": 1,
                                                                  "Actual Loops": 89956,
                                                                  "Shared Hit Blocks": 266755,
                                                                  "Shared Read Blocks": 0,
                                                                  "Shared Dirtied Blocks": 0,
                                                                  "Shared Written Blocks": 0,
                                                                  "Local Hit Blocks": 0,
                                                                  "Local Read Blocks": 0,
                                                                  "Local Dirtied Blocks": 0,
                                                                  "Local Written Blocks": 0,
                                                                  "Temp Read Blocks": 0,
                                                                  "Temp Written Blocks": 0
                                                                },
                                                                {
                                                                  "Worker Number": 1,
                                                                  "Actual Startup Time": 0.003,
                                                                  "Actual Total Time": 0.003,
                                                                  "Actual Rows": 1,
                                                                  "Actual Loops": 92735,
                                                                  "Shared Hit Blocks": 274732,
                                                                  "Shared Read Blocks": 0,
                                                                  "Shared Dirtied Blocks": 0,
                                                                  "Shared Written Blocks": 0,
                                                                  "Local Hit Blocks": 0,
                                                                  "Local Read Blocks": 0,
                                                                  "Local Dirtied Blocks": 0,
                                                                  "Local Written Blocks": 0,
                                                                  "Temp Read Blocks": 0,
                                                                  "Temp Written Blocks": 0
                                                                }
                                                              ]
                                                            }
                                                          ]
                                                        },
                                                        {
                                                          "Node Type": "Index Only Scan",
                                                          "Parent Relationship": "Inner",
                                                          "Parallel Aware": false,
                                                          "Scan Direction": "Forward",
                                                          "Index Name": "customer_demographics_pkey",
                                                          "Relation Name": "customer_demographics",
                                                          "Schema": "public",
                                                          "Alias": "cd2",
                                                          "Startup Cost": 0.43,
                                                          "Total Cost": 0.66,
                                                          "Plan Rows": 1,
                                                          "Plan Width": 4,
                                                          "Actual Startup Time": 0.003,
                                                          "Actual Total Time": 0.003,
                                                          "Actual Rows": 1,
                                                          "Actual Loops": 264845,
                                                          "Output": ["cd2.cd_demo_sk"],
                                                          "Index Cond": "(cd2.cd_demo_sk = customer.c_current_cdemo_sk)",
                                                          "Rows Removed by Index Recheck": 0,
                                                          "Heap Fetches": 0,
                                                          "Shared Hit Blocks": 767097,
                                                          "Shared Read Blocks": 0,
                                                          "Shared Dirtied Blocks": 0,
                                                          "Shared Written Blocks": 0,
                                                          "Local Hit Blocks": 0,
                                                          "Local Read Blocks": 0,
                                                          "Local Dirtied Blocks": 0,
                                                          "Local Written Blocks": 0,
                                                          "Temp Read Blocks": 0,
                                                          "Temp Written Blocks": 0,
                                                          "Workers": [
                                                            {
                                                              "Worker Number": 0,
                                                              "Actual Startup Time": 0.003,
                                                              "Actual Total Time": 0.003,
                                                              "Actual Rows": 1,
                                                              "Actual Loops": 88918,
                                                              "Shared Hit Blocks": 257812,
                                                              "Shared Read Blocks": 0,
                                                              "Shared Dirtied Blocks": 0,
                                                              "Shared Written Blocks": 0,
                                                              "Local Hit Blocks": 0,
                                                              "Local Read Blocks": 0,
                                                              "Local Dirtied Blocks": 0,
                                                              "Local Written Blocks": 0,
                                                              "Temp Read Blocks": 0,
                                                              "Temp Written Blocks": 0
                                                            },
                                                            {
                                                              "Worker Number": 1,
                                                              "Actual Startup Time": 0.003,
                                                              "Actual Total Time": 0.003,
                                                              "Actual Rows": 1,
                                                              "Actual Loops": 91577,
                                                              "Shared Hit Blocks": 265174,
                                                              "Shared Read Blocks": 0,
                                                              "Shared Dirtied Blocks": 0,
                                                              "Shared Written Blocks": 0,
                                                              "Local Hit Blocks": 0,
                                                              "Local Read Blocks": 0,
                                                              "Local Dirtied Blocks": 0,
                                                              "Local Written Blocks": 0,
                                                              "Temp Read Blocks": 0,
                                                              "Temp Written Blocks": 0
                                                            }
                                                          ]
                                                        }
                                                      ]
                                                    },
                                                    {
                                                      "Node Type": "Index Scan",
                                                      "Parent Relationship": "Inner",
                                                      "Parallel Aware": false,
                                                      "Scan Direction": "Forward",
                                                      "Index Name": "date_dim_pkey",
                                                      "Relation Name": "date_dim",
                                                      "Schema": "public",
                                                      "Alias": "d3",
                                                      "Startup Cost": 0.29,
                                                      "Total Cost": 0.38,
                                                      "Plan Rows": 1,
                                                      "Plan Width": 8,
                                                      "Actual Startup Time": 0.002,
                                                      "Actual Total Time": 0.002,
                                                      "Actual Rows": 1,
                                                      "Actual Loops": 255698,
                                                      "Output": ["d3.d_date_sk", "d3.d_date_id", "d3.d_date", "d3.d_month_seq", "d3.d_week_seq", "d3.d_quarter_seq", "d3.d_year", "d3.d_dow", "d3.d_moy", "d3.d_dom", "d3.d_qoy", "d3.d_fy_year", "d3.d_fy_quarter_seq", "d3.d_fy_week_seq", "d3.d_day_name", "d3.d_quarter_name", "d3.d_holiday", "d3.d_weekend", "d3.d_following_holiday", "d3.d_first_dom", "d3.d_last_dom", "d3.d_same_day_ly", "d3.d_same_day_lq", "d3.d_current_day", "d3.d_current_week", "d3.d_current_month", "d3.d_current_quarter", "d3.d_current_year", "d3.dummy"],
                                                      "Index Cond": "(d3.d_date_sk = customer.c_first_shipto_date_sk)",
                                                      "Rows Removed by Index Recheck": 0,
                                                      "Shared Hit Blocks": 753542,
                                                      "Shared Read Blocks": 0,
                                                      "Shared Dirtied Blocks": 0,
                                                      "Shared Written Blocks": 0,
                                                      "Local Hit Blocks": 0,
                                                      "Local Read Blocks": 0,
                                                      "Local Dirtied Blocks": 0,
                                                      "Local Written Blocks": 0,
                                                      "Temp Read Blocks": 0,
                                                      "Temp Written Blocks": 0,
                                                      "Workers": [
                                                        {
                                                          "Worker Number": 0,
                                                          "Actual Startup Time": 0.003,
                                                          "Actual Total Time": 0.003,
                                                          "Actual Rows": 1,
                                                          "Actual Loops": 85937,
                                                          "Shared Hit Blocks": 253129,
                                                          "Shared Read Blocks": 0,
                                                          "Shared Dirtied Blocks": 0,
                                                          "Shared Written Blocks": 0,
                                                          "Local Hit Blocks": 0,
                                                          "Local Read Blocks": 0,
                                                          "Local Dirtied Blocks": 0,
                                                          "Local Written Blocks": 0,
                                                          "Temp Read Blocks": 0,
                                                          "Temp Written Blocks": 0
                                                        },
                                                        {
                                                          "Worker Number": 1,
                                                          "Actual Startup Time": 0.002,
                                                          "Actual Total Time": 0.002,
                                                          "Actual Rows": 1,
                                                          "Actual Loops": 88391,
                                                          "Shared Hit Blocks": 260587,
                                                          "Shared Read Blocks": 0,
                                                          "Shared Dirtied Blocks": 0,
                                                          "Shared Written Blocks": 0,
                                                          "Local Hit Blocks": 0,
                                                          "Local Read Blocks": 0,
                                                          "Local Dirtied Blocks": 0,
                                                          "Local Written Blocks": 0,
                                                          "Temp Read Blocks": 0,
                                                          "Temp Written Blocks": 0
                                                        }
                                                      ]
                                                    }
                                                  ]
                                                },
                                                {
                                                  "Node Type": "Index Scan",
                                                  "Parent Relationship": "Inner",
                                                  "Parallel Aware": false,
                                                  "Scan Direction": "Forward",
                                                  "Index Name": "household_demographics_pkey",
                                                  "Relation Name": "household_demographics",
                                                  "Schema": "public",
                                                  "Alias": "hd2",
                                                  "Startup Cost": 0.28,
                                                  "Total Cost": 0.30,
                                                  "Plan Rows": 1,
                                                  "Plan Width": 8,
                                                  "Actual Startup Time": 0.002,
                                                  "Actual Total Time": 0.002,
                                                  "Actual Rows": 1,
                                                  "Actual Loops": 251180,
                                                  "Output": ["hd2.hd_demo_sk", "hd2.hd_income_band_sk", "hd2.hd_buy_potential", "hd2.hd_dep_count", "hd2.hd_vehicle_count", "hd2.dummy"],
                                                  "Index Cond": "(hd2.hd_demo_sk = customer.c_current_hdemo_sk)",
                                                  "Rows Removed by Index Recheck": 0,
                                                  "Shared Hit Blocks": 746279,
                                                  "Shared Read Blocks": 0,
                                                  "Shared Dirtied Blocks": 0,
                                                  "Shared Written Blocks": 0,
                                                  "Local Hit Blocks": 0,
                                                  "Local Read Blocks": 0,
                                                  "Local Dirtied Blocks": 0,
                                                  "Local Written Blocks": 0,
                                                  "Temp Read Blocks": 0,
                                                  "Temp Written Blocks": 0,
                                                  "Workers": [
                                                    {
                                                      "Worker Number": 0,
                                                      "Actual Startup Time": 0.003,
                                                      "Actual Total Time": 0.003,
                                                      "Actual Rows": 1,
                                                      "Actual Loops": 84376,
                                                      "Shared Hit Blocks": 250795,
                                                      "Shared Read Blocks": 0,
                                                      "Shared Dirtied Blocks": 0,
                                                      "Shared Written Blocks": 0,
                                                      "Local Hit Blocks": 0,
                                                      "Local Read Blocks": 0,
                                                      "Local Dirtied Blocks": 0,
                                                      "Local Written Blocks": 0,
                                                      "Temp Read Blocks": 0,
                                                      "Temp Written Blocks": 0
                                                    },
                                                    {
                                                      "Worker Number": 1,
                                                      "Actual Startup Time": 0.002,
                                                      "Actual Total Time": 0.002,
                                                      "Actual Rows": 1,
                                                      "Actual Loops": 86862,
                                                      "Shared Hit Blocks": 258109,
                                                      "Shared Read Blocks": 0,
                                                      "Shared Dirtied Blocks": 0,
                                                      "Shared Written Blocks": 0,
                                                      "Local Hit Blocks": 0,
                                                      "Local Read Blocks": 0,
                                                      "Local Dirtied Blocks": 0,
                                                      "Local Written Blocks": 0,
                                                      "Temp Read Blocks": 0,
                                                      "Temp Written Blocks": 0
                                                    }
                                                  ]
                                                }
                                              ]
                                            },
                                            {
                                              "Node Type": "Index Scan",
                                              "Parent Relationship": "Inner",
                                              "Parallel Aware": false,
                                              "Scan Direction": "Forward",
                                              "Index Name": "item_pkey",
                                              "Relation Name": "item",
                                              "Schema": "public",
                                              "Alias": "item",
                                              "Startup Cost": 0.29,
                                              "Total Cost": 0.31,
                                              "Plan Rows": 1,
                                              "Plan Width": 55,
                                              "Actual Startup Time": 0.003,
                                              "Actual Total Time": 0.003,
                                              "Actual Rows": 1,
                                              "Actual Loops": 248759,
                                              "Output": ["item.i_item_sk", "item.i_item_id", "item.i_rec_start_date", "item.i_rec_end_date", "item.i_item_desc", "item.i_current_price", "item.i_wholesale_cost", "item.i_brand_id", "item.i_brand", "item.i_class_id", "item.i_class", "item.i_category_id", "item.i_category", "item.i_manufact_id", "item.i_manufact", "item.i_size", "item.i_formulation", "item.i_color", "item.i_units", "item.i_container", "item.i_manager_id", "item.i_product_name", "item.dummy"],
                                              "Index Cond": "(item.i_item_sk = store_sales.ss_item_sk)",
                                              "Rows Removed by Index Recheck": 0,
                                              "Shared Hit Blocks": 746279,
                                              "Shared Read Blocks": 0,
                                              "Shared Dirtied Blocks": 0,
                                              "Shared Written Blocks": 0,
                                              "Local Hit Blocks": 0,
                                              "Local Read Blocks": 0,
                                              "Local Dirtied Blocks": 0,
                                              "Local Written Blocks": 0,
                                              "Temp Read Blocks": 0,
                                              "Temp Written Blocks": 0,
                                              "Workers": [
                                                {
                                                  "Worker Number": 0,
                                                  "Actual Startup Time": 0.003,
                                                  "Actual Total Time": 0.003,
                                                  "Actual Rows": 1,
                                                  "Actual Loops": 83598,
                                                  "Shared Hit Blocks": 250795,
                                                  "Shared Read Blocks": 0,
                                                  "Shared Dirtied Blocks": 0,
                                                  "Shared Written Blocks": 0,
                                                  "Local Hit Blocks": 0,
                                                  "Local Read Blocks": 0,
                                                  "Local Dirtied Blocks": 0,
                                                  "Local Written Blocks": 0,
                                                  "Temp Read Blocks": 0,
                                                  "Temp Written Blocks": 0
                                                },
                                                {
                                                  "Worker Number": 1,
                                                  "Actual Startup Time": 0.003,
                                                  "Actual Total Time": 0.003,
                                                  "Actual Rows": 1,
                                                  "Actual Loops": 86036,
                                                  "Shared Hit Blocks": 258109,
                                                  "Shared Read Blocks": 0,
                                                  "Shared Dirtied Blocks": 0,
                                                  "Shared Written Blocks": 0,
                                                  "Local Hit Blocks": 0,
                                                  "Local Read Blocks": 0,
                                                  "Local Dirtied Blocks": 0,
                                                  "Local Written Blocks": 0,
                                                  "Temp Read Blocks": 0,
                                                  "Temp Written Blocks": 0
                                                }
                                              ]
                                            }
                                          ]
                                        },
                                        {
                                          "Node Type": "Index Scan",
                                          "Parent Relationship": "Inner",
                                          "Parallel Aware": false,
                                          "Scan Direction": "Forward",
                                          "Index Name": "customer_address_pkey",
                                          "Relation Name": "customer_address",
                                          "Schema": "public",
                                          "Alias": "ad1",
                                          "Startup Cost": 0.29,
                                          "Total Cost": 0.31,
                                          "Plan Rows": 1,
                                          "Plan Width": 44,
                                          "Actual Startup Time": 0.003,
                                          "Actual Total Time": 0.003,
                                          "Actual Rows": 1,
                                          "Actual Loops": 248759,
                                          "Output": ["ad1.ca_address_sk", "ad1.ca_address_id", "ad1.ca_street_number", "ad1.ca_street_name", "ad1.ca_street_type", "ad1.ca_suite_number", "ad1.ca_city", "ad1.ca_county", "ad1.ca_state", "ad1.ca_zip", "ad1.ca_country", "ad1.ca_gmt_offset", "ad1.ca_location_type", "ad1.dummy"],
                                          "Index Cond": "(ad1.ca_address_sk = store_sales.ss_addr_sk)",
                                          "Rows Removed by Index Recheck": 0,
                                          "Shared Hit Blocks": 741833,
                                          "Shared Read Blocks": 0,
                                          "Shared Dirtied Blocks": 0,
                                          "Shared Written Blocks": 0,
                                          "Local Hit Blocks": 0,
                                          "Local Read Blocks": 0,
                                          "Local Dirtied Blocks": 0,
                                          "Local Written Blocks": 0,
                                          "Temp Read Blocks": 0,
                                          "Temp Written Blocks": 0,
                                          "Workers": [
                                            {
                                              "Worker Number": 0,
                                              "Actual Startup Time": 0.003,
                                              "Actual Total Time": 0.003,
                                              "Actual Rows": 1,
                                              "Actual Loops": 83598,
                                              "Shared Hit Blocks": 249199,
                                              "Shared Read Blocks": 0,
                                              "Shared Dirtied Blocks": 0,
                                              "Shared Written Blocks": 0,
                                              "Local Hit Blocks": 0,
                                              "Local Read Blocks": 0,
                                              "Local Dirtied Blocks": 0,
                                              "Local Written Blocks": 0,
                                              "Temp Read Blocks": 0,
                                              "Temp Written Blocks": 0
                                            },
                                            {
                                              "Worker Number": 1,
                                              "Actual Startup Time": 0.003,
                                              "Actual Total Time": 0.003,
                                              "Actual Rows": 1,
                                              "Actual Loops": 86036,
                                              "Shared Hit Blocks": 256672,
                                              "Shared Read Blocks": 0,
                                              "Shared Dirtied Blocks": 0,
                                              "Shared Written Blocks": 0,
                                              "Local Hit Blocks": 0,
                                              "Local Read Blocks": 0,
                                              "Local Dirtied Blocks": 0,
                                              "Local Written Blocks": 0,
                                              "Temp Read Blocks": 0,
                                              "Temp Written Blocks": 0
                                            }
                                          ]
                                        }
                                      ]
                                    },
                                    {
                                      "Node Type": "Hash",
                                      "Parent Relationship": "Inner",
                                      "Parallel Aware": false,
                                      "Startup Cost": 1.20,
                                      "Total Cost": 1.20,
                                      "Plan Rows": 20,
                                      "Plan Width": 4,
                                      "Actual Startup Time": 0.064,
                                      "Actual Total Time": 0.067,
                                      "Actual Rows": 20,
                                      "Actual Loops": 3,
                                      "Output": ["ib2.ib_income_band_sk"],
                                      "Hash Buckets": 1024,
                                      "Original Hash Buckets": 1024,
                                      "Hash Batches": 1,
                                      "Original Hash Batches": 1,
                                      "Peak Memory Usage": 9,
                                      "Shared Hit Blocks": 3,
                                      "Shared Read Blocks": 0,
                                      "Shared Dirtied Blocks": 0,
                                      "Shared Written Blocks": 0,
                                      "Local Hit Blocks": 0,
                                      "Local Read Blocks": 0,
                                      "Local Dirtied Blocks": 0,
                                      "Local Written Blocks": 0,
                                      "Temp Read Blocks": 0,
                                      "Temp Written Blocks": 0,
                                      "Workers": [
                                        {
                                          "Worker Number": 0,
                                          "Actual Startup Time": 0.062,
                                          "Actual Total Time": 0.065,
                                          "Actual Rows": 20,
                                          "Actual Loops": 1,
                                          "Shared Hit Blocks": 1,
                                          "Shared Read Blocks": 0,
                                          "Shared Dirtied Blocks": 0,
                                          "Shared Written Blocks": 0,
                                          "Local Hit Blocks": 0,
                                          "Local Read Blocks": 0,
                                          "Local Dirtied Blocks": 0,
                                          "Local Written Blocks": 0,
                                          "Temp Read Blocks": 0,
                                          "Temp Written Blocks": 0
                                        },
                                        {
                                          "Worker Number": 1,
                                          "Actual Startup Time": 0.053,
                                          "Actual Total Time": 0.057,
                                          "Actual Rows": 20,
                                          "Actual Loops": 1,
                                          "Shared Hit Blocks": 1,
                                          "Shared Read Blocks": 0,
                                          "Shared Dirtied Blocks": 0,
                                          "Shared Written Blocks": 0,
                                          "Local Hit Blocks": 0,
                                          "Local Read Blocks": 0,
                                          "Local Dirtied Blocks": 0,
                                          "Local Written Blocks": 0,
                                          "Temp Read Blocks": 0,
                                          "Temp Written Blocks": 0
                                        }
                                      ],
                                      "Plans": [
                                        {
                                          "Node Type": "Seq Scan",
                                          "Parent Relationship": "Outer",
                                          "Parallel Aware": false,
                                          "Relation Name": "income_band",
                                          "Schema": "public",
                                          "Alias": "ib2",
                                          "Startup Cost": 0.00,
                                          "Total Cost": 1.20,
                                          "Plan Rows": 20,
                                          "Plan Width": 4,
                                          "Actual Startup Time": 0.002,
                                          "Actual Total Time": 0.030,
                                          "Actual Rows": 20,
                                          "Actual Loops": 3,
                                          "Output": ["ib2.ib_income_band_sk"],
                                          "Shared Hit Blocks": 3,
                                          "Shared Read Blocks": 0,
                                          "Shared Dirtied Blocks": 0,
                                          "Shared Written Blocks": 0,
                                          "Local Hit Blocks": 0,
                                          "Local Read Blocks": 0,
                                          "Local Dirtied Blocks": 0,
                                          "Local Written Blocks": 0,
                                          "Temp Read Blocks": 0,
                                          "Temp Written Blocks": 0,
                                          "Workers": [
                                            {
                                              "Worker Number": 0,
                                              "Actual Startup Time": 0.002,
                                              "Actual Total Time": 0.032,
                                              "Actual Rows": 20,
                                              "Actual Loops": 1,
                                              "Shared Hit Blocks": 1,
                                              "Shared Read Blocks": 0,
                                              "Shared Dirtied Blocks": 0,
                                              "Shared Written Blocks": 0,
                                              "Local Hit Blocks": 0,
                                              "Local Read Blocks": 0,
                                              "Local Dirtied Blocks": 0,
                                              "Local Written Blocks": 0,
                                              "Temp Read Blocks": 0,
                                              "Temp Written Blocks": 0
                                            },
                                            {
                                              "Worker Number": 1,
                                              "Actual Startup Time": 0.002,
                                              "Actual Total Time": 0.026,
                                              "Actual Rows": 20,
                                              "Actual Loops": 1,
                                              "Shared Hit Blocks": 1,
                                              "Shared Read Blocks": 0,
                                              "Shared Dirtied Blocks": 0,
                                              "Shared Written Blocks": 0,
                                              "Local Hit Blocks": 0,
                                              "Local Read Blocks": 0,
                                              "Local Dirtied Blocks": 0,
                                              "Local Written Blocks": 0,
                                              "Temp Read Blocks": 0,
                                              "Temp Written Blocks": 0
                                            }
                                          ]
                                        }
                                      ]
                                    }
                                  ]
                                },
                                {
                                  "Node Type": "Index Scan",
                                  "Parent Relationship": "Inner",
                                  "Parallel Aware": false,
                                  "Scan Direction": "Forward",
                                  "Index Name": "household_demographics_pkey",
                                  "Relation Name": "household_demographics",
                                  "Schema": "public",
                                  "Alias": "hd1",
                                  "Startup Cost": 0.28,
                                  "Total Cost": 0.30,
                                  "Plan Rows": 1,
                                  "Plan Width": 8,
                                  "Actual Startup Time": 0.002,
                                  "Actual Total Time": 0.002,
                                  "Actual Rows": 1,
                                  "Actual Loops": 247277,
                                  "Output": ["hd1.hd_demo_sk", "hd1.hd_income_band_sk", "hd1.hd_buy_potential", "hd1.hd_dep_count", "hd1.hd_vehicle_count", "hd1.dummy"],
                                  "Index Cond": "(hd1.hd_demo_sk = store_sales.ss_hdemo_sk)",
                                  "Rows Removed by Index Recheck": 0,
                                  "Shared Hit Blocks": 739404,
                                  "Shared Read Blocks": 0,
                                  "Shared Dirtied Blocks": 0,
                                  "Shared Written Blocks": 0,
                                  "Local Hit Blocks": 0,
                                  "Local Read Blocks": 0,
                                  "Local Dirtied Blocks": 0,
                                  "Local Written Blocks": 0,
                                  "Temp Read Blocks": 0,
                                  "Temp Written Blocks": 0,
                                  "Workers": [
                                    {
                                      "Worker Number": 0,
                                      "Actual Startup Time": 0.003,
                                      "Actual Total Time": 0.003,
                                      "Actual Rows": 1,
                                      "Actual Loops": 83066,
                                      "Shared Hit Blocks": 248367,
                                      "Shared Read Blocks": 0,
                                      "Shared Dirtied Blocks": 0,
                                      "Shared Written Blocks": 0,
                                      "Local Hit Blocks": 0,
                                      "Local Read Blocks": 0,
                                      "Local Dirtied Blocks": 0,
                                      "Local Written Blocks": 0,
                                      "Temp Read Blocks": 0,
                                      "Temp Written Blocks": 0
                                    },
                                    {
                                      "Worker Number": 1,
                                      "Actual Startup Time": 0.002,
                                      "Actual Total Time": 0.002,
                                      "Actual Rows": 1,
                                      "Actual Loops": 85557,
                                      "Shared Hit Blocks": 255798,
                                      "Shared Read Blocks": 0,
                                      "Shared Dirtied Blocks": 0,
                                      "Shared Written Blocks": 0,
                                      "Local Hit Blocks": 0,
                                      "Local Read Blocks": 0,
                                      "Local Dirtied Blocks": 0,
                                      "Local Written Blocks": 0,
                                      "Temp Read Blocks": 0,
                                      "Temp Written Blocks": 0
                                    }
                                  ]
                                }
                              ]
                            },
                            {
                              "Node Type": "Hash",
                              "Parent Relationship": "Inner",
                              "Parallel Aware": false,
                              "Startup Cost": 1.20,
                              "Total Cost": 1.20,
                              "Plan Rows": 20,
                              "Plan Width": 4,
                              "Actual Startup Time": 0.078,
                              "Actual Total Time": 0.082,
                              "Actual Rows": 20,
                              "Actual Loops": 3,
                              "Output": ["ib1.ib_income_band_sk"],
                              "Hash Buckets": 1024,
                              "Original Hash Buckets": 1024,
                              "Hash Batches": 1,
                              "Original Hash Batches": 1,
                              "Peak Memory Usage": 9,
                              "Shared Hit Blocks": 3,
                              "Shared Read Blocks": 0,
                              "Shared Dirtied Blocks": 0,
                              "Shared Written Blocks": 0,
                              "Local Hit Blocks": 0,
                              "Local Read Blocks": 0,
                              "Local Dirtied Blocks": 0,
                              "Local Written Blocks": 0,
                              "Temp Read Blocks": 0,
                              "Temp Written Blocks": 0,
                              "Workers": [
                                {
                                  "Worker Number": 0,
                                  "Actual Startup Time": 0.088,
                                  "Actual Total Time": 0.092,
                                  "Actual Rows": 20,
                                  "Actual Loops": 1,
                                  "Shared Hit Blocks": 1,
                                  "Shared Read Blocks": 0,
                                  "Shared Dirtied Blocks": 0,
                                  "Shared Written Blocks": 0,
                                  "Local Hit Blocks": 0,
                                  "Local Read Blocks": 0,
                                  "Local Dirtied Blocks": 0,
                                  "Local Written Blocks": 0,
                                  "Temp Read Blocks": 0,
                                  "Temp Written Blocks": 0
                                },
                                {
                                  "Worker Number": 1,
                                  "Actual Startup Time": 0.080,
                                  "Actual Total Time": 0.084,
                                  "Actual Rows": 20,
                                  "Actual Loops": 1,
                                  "Shared Hit Blocks": 1,
                                  "Shared Read Blocks": 0,
                                  "Shared Dirtied Blocks": 0,
                                  "Shared Written Blocks": 0,
                                  "Local Hit Blocks": 0,
                                  "Local Read Blocks": 0,
                                  "Local Dirtied Blocks": 0,
                                  "Local Written Blocks": 0,
                                  "Temp Read Blocks": 0,
                                  "Temp Written Blocks": 0
                                }
                              ],
                              "Plans": [
                                {
                                  "Node Type": "Seq Scan",
                                  "Parent Relationship": "Outer",
                                  "Parallel Aware": false,
                                  "Relation Name": "income_band",
                                  "Schema": "public",
                                  "Alias": "ib1",
                                  "Startup Cost": 0.00,
                                  "Total Cost": 1.20,
                                  "Plan Rows": 20,
                                  "Plan Width": 4,
                                  "Actual Startup Time": 0.024,
                                  "Actual Total Time": 0.051,
                                  "Actual Rows": 20,
                                  "Actual Loops": 3,
                                  "Output": ["ib1.ib_income_band_sk"],
                                  "Shared Hit Blocks": 3,
                                  "Shared Read Blocks": 0,
                                  "Shared Dirtied Blocks": 0,
                                  "Shared Written Blocks": 0,
                                  "Local Hit Blocks": 0,
                                  "Local Read Blocks": 0,
                                  "Local Dirtied Blocks": 0,
                                  "Local Written Blocks": 0,
                                  "Temp Read Blocks": 0,
                                  "Temp Written Blocks": 0,
                                  "Workers": [
                                    {
                                      "Worker Number": 0,
                                      "Actual Startup Time": 0.030,
                                      "Actual Total Time": 0.058,
                                      "Actual Rows": 20,
                                      "Actual Loops": 1,
                                      "Shared Hit Blocks": 1,
                                      "Shared Read Blocks": 0,
                                      "Shared Dirtied Blocks": 0,
                                      "Shared Written Blocks": 0,
                                      "Local Hit Blocks": 0,
                                      "Local Read Blocks": 0,
                                      "Local Dirtied Blocks": 0,
                                      "Local Written Blocks": 0,
                                      "Temp Read Blocks": 0,
                                      "Temp Written Blocks": 0
                                    },
                                    {
                                      "Worker Number": 1,
                                      "Actual Startup Time": 0.029,
                                      "Actual Total Time": 0.055,
                                      "Actual Rows": 20,
                                      "Actual Loops": 1,
                                      "Shared Hit Blocks": 1,
                                      "Shared Read Blocks": 0,
                                      "Shared Dirtied Blocks": 0,
                                      "Shared Written Blocks": 0,
                                      "Local Hit Blocks": 0,
                                      "Local Read Blocks": 0,
                                      "Local Dirtied Blocks": 0,
                                      "Local Written Blocks": 0,
                                      "Temp Read Blocks": 0,
                                      "Temp Written Blocks": 0
                                    }
                                  ]
                                }
                              ]
                            }
                          ]
                        },
                        {
                          "Node Type": "Index Scan",
                          "Parent Relationship": "Inner",
                          "Parallel Aware": false,
                          "Scan Direction": "Forward",
                          "Index Name": "date_dim_pkey",
                          "Relation Name": "date_dim",
                          "Schema": "public",
                          "Alias": "d2",
                          "Startup Cost": 0.29,
                          "Total Cost": 0.38,
                          "Plan Rows": 1,
                          "Plan Width": 8,
                          "Actual Startup Time": 0.002,
                          "Actual Total Time": 0.002,
                          "Actual Rows": 1,
                          "Actual Loops": 246468,
                          "Output": ["d2.d_date_sk", "d2.d_date_id", "d2.d_date", "d2.d_month_seq", "d2.d_week_seq", "d2.d_quarter_seq", "d2.d_year", "d2.d_dow", "d2.d_moy", "d2.d_dom", "d2.d_qoy", "d2.d_fy_year", "d2.d_fy_quarter_seq", "d2.d_fy_week_seq", "d2.d_day_name", "d2.d_quarter_name", "d2.d_holiday", "d2.d_weekend", "d2.d_following_holiday", "d2.d_first_dom", "d2.d_last_dom", "d2.d_same_day_ly", "d2.d_same_day_lq", "d2.d_current_day", "d2.d_current_week", "d2.d_current_month", "d2.d_current_quarter", "d2.d_current_year", "d2.dummy"],
                          "Index Cond": "(d2.d_date_sk = customer.c_first_sales_date_sk)",
                          "Rows Removed by Index Recheck": 0,
                          "Shared Hit Blocks": 735741,
                          "Shared Read Blocks": 0,
                          "Shared Dirtied Blocks": 0,
                          "Shared Written Blocks": 0,
                          "Local Hit Blocks": 0,
                          "Local Read Blocks": 0,
                          "Local Dirtied Blocks": 0,
                          "Local Written Blocks": 0,
                          "Temp Read Blocks": 0,
                          "Temp Written Blocks": 0,
                          "Workers": [
                            {
                              "Worker Number": 0,
                              "Actual Startup Time": 0.002,
                              "Actual Total Time": 0.002,
                              "Actual Rows": 1,
                              "Actual Loops": 82789,
                              "Shared Hit Blocks": 247128,
                              "Shared Read Blocks": 0,
                              "Shared Dirtied Blocks": 0,
                              "Shared Written Blocks": 0,
                              "Local Hit Blocks": 0,
                              "Local Read Blocks": 0,
                              "Local Dirtied Blocks": 0,
                              "Local Written Blocks": 0,
                              "Temp Read Blocks": 0,
                              "Temp Written Blocks": 0
                            },
                            {
                              "Worker Number": 1,
                              "Actual Startup Time": 0.002,
                              "Actual Total Time": 0.002,
                              "Actual Rows": 1,
                              "Actual Loops": 85266,
                              "Shared Hit Blocks": 254433,
                              "Shared Read Blocks": 0,
                              "Shared Dirtied Blocks": 0,
                              "Shared Written Blocks": 0,
                              "Local Hit Blocks": 0,
                              "Local Read Blocks": 0,
                              "Local Dirtied Blocks": 0,
                              "Local Written Blocks": 0,
                              "Temp Read Blocks": 0,
                              "Temp Written Blocks": 0
                            }
                          ]
                        }
                      ]
                    },
                    {
                      "Node Type": "Index Scan",
                      "Parent Relationship": "Inner",
                      "Parallel Aware": false,
                      "Scan Direction": "Forward",
                      "Index Name": "customer_address_pkey",
                      "Relation Name": "customer_address",
                      "Schema": "public",
                      "Alias": "ad2",
                      "Startup Cost": 0.29,
                      "Total Cost": 0.36,
                      "Plan Rows": 1,
                      "Plan Width": 44,
                      "Actual Startup Time": 0.003,
                      "Actual Total Time": 0.003,
                      "Actual Rows": 1,
                      "Actual Loops": 245247,
                      "Output": ["ad2.ca_address_sk", "ad2.ca_address_id", "ad2.ca_street_number", "ad2.ca_street_name", "ad2.ca_street_type", "ad2.ca_suite_number", "ad2.ca_city", "ad2.ca_county", "ad2.ca_state", "ad2.ca_zip", "ad2.ca_country", "ad2.ca_gmt_offset", "ad2.ca_location_type", "ad2.dummy"],
                      "Index Cond": "(ad2.ca_address_sk = customer.c_current_addr_sk)",
                      "Rows Removed by Index Recheck": 0,
                      "Shared Hit Blocks": 735741,
                      "Shared Read Blocks": 0,
                      "Shared Dirtied Blocks": 0,
                      "Shared Written Blocks": 0,
                      "Local Hit Blocks": 0,
                      "Local Read Blocks": 0,
                      "Local Dirtied Blocks": 0,
                      "Local Written Blocks": 0,
                      "Temp Read Blocks": 0,
                      "Temp Written Blocks": 0,
                      "Workers": [
                        {
                          "Worker Number": 0,
                          "Actual Startup Time": 0.003,
                          "Actual Total Time": 0.003,
                          "Actual Rows": 1,
                          "Actual Loops": 82376,
                          "Shared Hit Blocks": 247128,
                          "Shared Read Blocks": 0,
                          "Shared Dirtied Blocks": 0,
                          "Shared Written Blocks": 0,
                          "Local Hit Blocks": 0,
                          "Local Read Blocks": 0,
                          "Local Dirtied Blocks": 0,
                          "Local Written Blocks": 0,
                          "Temp Read Blocks": 0,
                          "Temp Written Blocks": 0
                        },
                        {
                          "Worker Number": 1,
                          "Actual Startup Time": 0.003,
                          "Actual Total Time": 0.003,
                          "Actual Rows": 1,
                          "Actual Loops": 84811,
                          "Shared Hit Blocks": 254433,
                          "Shared Read Blocks": 0,
                          "Shared Dirtied Blocks": 0,
                          "Shared Written Blocks": 0,
                          "Local Hit Blocks": 0,
                          "Local Read Blocks": 0,
                          "Local Dirtied Blocks": 0,
                          "Local Written Blocks": 0,
                          "Temp Read Blocks": 0,
                          "Temp Written Blocks": 0
                        }
                      ]
                    }
                  ]
                },
                {
                  "Node Type": "Index Scan",
                  "Parent Relationship": "Inner",
                  "Parallel Aware": false,
                  "Scan Direction": "Forward",
                  "Index Name": "date_dim_pkey",
                  "Relation Name": "date_dim",
                  "Schema": "public",
                  "Alias": "d1",
                  "Startup Cost": 0.29,
                  "Total Cost": 0.31,
                  "Plan Rows": 1,
                  "Plan Width": 8,
                  "Actual Startup Time": 0.002,
                  "Actual Total Time": 0.002,
                  "Actual Rows": 1,
                  "Actual Loops": 245247,
                  "Output": ["d1.d_date_sk", "d1.d_date_id", "d1.d_date", "d1.d_month_seq", "d1.d_week_seq", "d1.d_quarter_seq", "d1.d_year", "d1.d_dow", "d1.d_moy", "d1.d_dom", "d1.d_qoy", "d1.d_fy_year", "d1.d_fy_quarter_seq", "d1.d_fy_week_seq", "d1.d_day_name", "d1.d_quarter_name", "d1.d_holiday", "d1.d_weekend", "d1.d_following_holiday", "d1.d_first_dom", "d1.d_last_dom", "d1.d_same_day_ly", "d1.d_same_day_lq", "d1.d_current_day", "d1.d_current_week", "d1.d_current_month", "d1.d_current_quarter", "d1.d_current_year", "d1.dummy"],
                  "Index Cond": "(d1.d_date_sk = store_sales.ss_sold_date_sk)",
                  "Rows Removed by Index Recheck": 0,
                  "Shared Hit Blocks": 734556,
                  "Shared Read Blocks": 0,
                  "Shared Dirtied Blocks": 0,
                  "Shared Written Blocks": 0,
                  "Local Hit Blocks": 0,
                  "Local Read Blocks": 0,
                  "Local Dirtied Blocks": 0,
                  "Local Written Blocks": 0,
                  "Temp Read Blocks": 0,
                  "Temp Written Blocks": 0,
                  "Workers": [
                    {
                      "Worker Number": 0,
                      "Actual Startup Time": 0.002,
                      "Actual Total Time": 0.002,
                      "Actual Rows": 1,
                      "Actual Loops": 82376,
                      "Shared Hit Blocks": 246723,
                      "Shared Read Blocks": 0,
                      "Shared Dirtied Blocks": 0,
                      "Shared Written Blocks": 0,
                      "Local Hit Blocks": 0,
                      "Local Read Blocks": 0,
                      "Local Dirtied Blocks": 0,
                      "Local Written Blocks": 0,
                      "Temp Read Blocks": 0,
                      "Temp Written Blocks": 0
                    },
                    {
                      "Worker Number": 1,
                      "Actual Startup Time": 0.002,
                      "Actual Total Time": 0.002,
                      "Actual Rows": 1,
                      "Actual Loops": 84811,
                      "Shared Hit Blocks": 254040,
                      "Shared Read Blocks": 0,
                      "Shared Dirtied Blocks": 0,
                      "Shared Written Blocks": 0,
                      "Local Hit Blocks": 0,
                      "Local Read Blocks": 0,
                      "Local Dirtied Blocks": 0,
                      "Local Written Blocks": 0,
                      "Temp Read Blocks": 0,
                      "Temp Written Blocks": 0
                    }
                  ]
                }
              ]
            },
            {
              "Node Type": "Hash",
              "Parent Relationship": "Inner",
              "Parallel Aware": false,
              "Startup Cost": 1.12,
              "Total Cost": 1.12,
              "Plan Rows": 12,
              "Plan Width": 20,
              "Actual Startup Time": 38.626,
              "Actual Total Time": 38.630,
              "Actual Rows": 12,
              "Actual Loops": 3,
              "Output": ["store.s_store_name", "store.s_zip", "store.s_store_sk"],
              "Hash Buckets": 1024,
              "Original Hash Buckets": 1024,
              "Hash Batches": 1,
              "Original Hash Batches": 1,
              "Peak Memory Usage": 9,
              "Shared Hit Blocks": 3,
              "Shared Read Blocks": 0,
              "Shared Dirtied Blocks": 0,
              "Shared Written Blocks": 0,
              "Local Hit Blocks": 0,
              "Local Read Blocks": 0,
              "Local Dirtied Blocks": 0,
              "Local Written Blocks": 0,
              "Temp Read Blocks": 0,
              "Temp Written Blocks": 0,
              "Workers": [
                {
                  "Worker Number": 0,
                  "Actual Startup Time": 40.367,
                  "Actual Total Time": 40.371,
                  "Actual Rows": 12,
                  "Actual Loops": 1,
                  "Shared Hit Blocks": 1,
                  "Shared Read Blocks": 0,
                  "Shared Dirtied Blocks": 0,
                  "Shared Written Blocks": 0,
                  "Local Hit Blocks": 0,
                  "Local Read Blocks": 0,
                  "Local Dirtied Blocks": 0,
                  "Local Written Blocks": 0,
                  "Temp Read Blocks": 0,
                  "Temp Written Blocks": 0
                },
                {
                  "Worker Number": 1,
                  "Actual Startup Time": 37.331,
                  "Actual Total Time": 37.334,
                  "Actual Rows": 12,
                  "Actual Loops": 1,
                  "Shared Hit Blocks": 1,
                  "Shared Read Blocks": 0,
                  "Shared Dirtied Blocks": 0,
                  "Shared Written Blocks": 0,
                  "Local Hit Blocks": 0,
                  "Local Read Blocks": 0,
                  "Local Dirtied Blocks": 0,
                  "Local Written Blocks": 0,
                  "Temp Read Blocks": 0,
                  "Temp Written Blocks": 0
                }
              ],
              "Plans": [
                {
                  "Node Type": "Seq Scan",
                  "Parent Relationship": "Outer",
                  "Parallel Aware": false,
                  "Relation Name": "store",
                  "Schema": "public",
                  "Alias": "store",
                  "Startup Cost": 0.00,
                  "Total Cost": 1.12,
                  "Plan Rows": 12,
                  "Plan Width": 20,
                  "Actual Startup Time": 38.575,
                  "Actual Total Time": 38.597,
                  "Actual Rows": 12,
                  "Actual Loops": 3,
                  "Output": ["store.s_store_name", "store.s_zip", "store.s_store_sk"],
                  "Shared Hit Blocks": 3,
                  "Shared Read Blocks": 0,
                  "Shared Dirtied Blocks": 0,
                  "Shared Written Blocks": 0,
                  "Local Hit Blocks": 0,
                  "Local Read Blocks": 0,
                  "Local Dirtied Blocks": 0,
                  "Local Written Blocks": 0,
                  "Temp Read Blocks": 0,
                  "Temp Written Blocks": 0,
                  "Workers": [
                    {
                      "Worker Number": 0,
                      "Actual Startup Time": 40.316,
                      "Actual Total Time": 40.336,
                      "Actual Rows": 12,
                      "Actual Loops": 1,
                      "Shared Hit Blocks": 1,
                      "Shared Read Blocks": 0,
                      "Shared Dirtied Blocks": 0,
                      "Shared Written Blocks": 0,
                      "Local Hit Blocks": 0,
                      "Local Read Blocks": 0,
                      "Local Dirtied Blocks": 0,
                      "Local Written Blocks": 0,
                      "Temp Read Blocks": 0,
                      "Temp Written Blocks": 0
                    },
                    {
                      "Worker Number": 1,
                      "Actual Startup Time": 37.287,
                      "Actual Total Time": 37.306,
                      "Actual Rows": 12,
                      "Actual Loops": 1,
                      "Shared Hit Blocks": 1,
                      "Shared Read Blocks": 0,
                      "Shared Dirtied Blocks": 0,
                      "Shared Written Blocks": 0,
                      "Local Hit Blocks": 0,
                      "Local Read Blocks": 0,
                      "Local Dirtied Blocks": 0,
                      "Local Written Blocks": 0,
                      "Temp Read Blocks": 0,
                      "Temp Written Blocks": 0
                    }
                  ]
                }
              ]
            }
          ]
        }
      ]
    },
    "Planning Time": 77.077,
    "Triggers": [
    ],
    "JIT": {
      "Worker Number": -1,
      "Functions": 279,
      "Options": {
        "Inlining": false,
        "Optimization": false,
        "Expressions": true,
        "Deforming": true
      },
      "Timing": {
        "Generation": 29.386,
        "Inlining": 0.000,
        "Optimization": 9.300,
        "Emission": 104.581,
        "Total": 143.267
      }
    },
    "Execution Time": 13802.527
  }
]
