 [
   {                                                                                                                                        
     "Plan": {                                                                                                                              
       "Node Type": "Aggregate",                                                                                                            
       "Strategy": "Plain",                                                                                                                 
       "Partial Mode": "Simple",                                                                                                            
       "Parallel Aware": false,                                                                                                             
       "Startup Cost": 126917.53,                                                                                                           
       "Total Cost": 126917.54,                                                                                                             
       "Plan Rows": 1,                                                                                                                      
       "Plan Width": 12,                                                                                                                    
       "Actual Startup Time": 1792.139,                                                                                                     
       "Actual Total Time": 1792.146,                                                                                                       
       "Actual Rows": 1,                                                                                                                    
       "Actual Loops": 1,                                                                                                                   
       "Output": ["min(htqo_orders_stage_3_2c7890.x25)", "min(htqo_orders_stage_3_2c7890.x16)", "min(htqo_lineitem_stage_3_2c7890.x3)"],    
       "Shared Hit Blocks": 4251,                                                                                                           
       "Shared Read Blocks": 4354,                                                                                                          
       "Shared Dirtied Blocks": 0,                                                                                                          
       "Shared Written Blocks": 0,                                                                                                          
       "Local Hit Blocks": 0,                                                                                                               
       "Local Read Blocks": 0,                                                                                                              
       "Local Dirtied Blocks": 0,                                                                                                           
       "Local Written Blocks": 0,                                                                                                           
       "Temp Read Blocks": 2694,                                                                                                            
       "Temp Written Blocks": 2694,                                                                                                         
       "Plans": [                                                                                                                           
         {                                                                                                                                  
           "Node Type": "Hash Join",                                                                                                        
           "Parent Relationship": "Outer",                                                                                                  
           "Parallel Aware": false,                                                                                                         
           "Join Type": "Inner",                                                                                                            
           "Startup Cost": 59364.86,                                                                                                        
           "Total Cost": 102750.54,                                                                                                         
           "Plan Rows": 3222265,                                                                                                            
           "Plan Width": 12,                                                                                                                
           "Actual Startup Time": 1020.210,                                                                                                 
           "Actual Total Time": 1486.605,                                                                                                   
           "Actual Rows": 2622043,                                                                                                          
           "Actual Loops": 1,                                                                                                               
           "Output": ["htqo_orders_stage_3_2c7890.x25", "htqo_orders_stage_3_2c7890.x16", "htqo_lineitem_stage_3_2c7890.x3"],               
           "Inner Unique": false,                                                                                                           
           "Hash Cond": "(htqo_lineitem_stage_3_2c7890.x20 = htqo_orders_stage_3_2c7890.x20)",                                              
           "Shared Hit Blocks": 4251,                                                                                                       
           "Shared Read Blocks": 4354,                                                                                                      
           "Shared Dirtied Blocks": 0,                                                                                                      
           "Shared Written Blocks": 0,                                                                                                      
           "Local Hit Blocks": 0,                                                                                                           
           "Local Read Blocks": 0,                                                                                                          
           "Local Dirtied Blocks": 0,                                                                                                       
           "Local Written Blocks": 0,                                                                                                       
           "Temp Read Blocks": 2694,                                                                                                        
           "Temp Written Blocks": 2694,                                                                                                     
           "Plans": [                                                                                                                       
             {                                                                                                                              
               "Node Type": "Subquery Scan",                                                                                                
               "Parent Relationship": "Outer",                                                                                              
               "Parallel Aware": false,                                                                                                     
               "Alias": "htqo_lineitem_stage_3_2c7890",                                                                                     
               "Startup Cost": 28385.06,                                                                                                    
               "Total Cost": 28721.06,                                                                                                      
               "Plan Rows": 16800,                                                                                                          
               "Plan Width": 8,                                                                                                             
               "Actual Startup Time": 608.686,                                                                                              
               "Actual Total Time": 614.805,                                                                                                
               "Actual Rows": 16823,                                                                                                        
               "Actual Loops": 1,                                                                                                           
               "Output": ["htqo_lineitem_stage_3_2c7890.x3", "htqo_lineitem_stage_3_2c7890.x20"],                                           
               "Shared Hit Blocks": 2112,                                                                                                   
               "Shared Read Blocks": 4354,                                                                                                  
               "Shared Dirtied Blocks": 0,                                                                                                  
               "Shared Written Blocks": 0,                                                                                                  
               "Local Hit Blocks": 0,                                                                                                       
               "Local Read Blocks": 0,                                                                                                      
               "Local Dirtied Blocks": 0,                                                                                                   
               "Local Written Blocks": 0,                                                                                                   
               "Temp Read Blocks": 0,                                                                                                       
               "Temp Written Blocks": 0,                                                                                                    
               "Plans": [                                                                                                                   
                 {                                                                                                                          
                   "Node Type": "Aggregate",                                                                                                
                   "Strategy": "Hashed",                                                                                                    
                   "Partial Mode": "Simple",                                                                                                
                   "Parent Relationship": "Subquery",                                                                                       
                   "Parallel Aware": false,                                                                                                 
                   "Startup Cost": 28385.06,                                                                                                
                   "Total Cost": 28553.06,                                                                                                  
                   "Plan Rows": 16800,                                                                                                      
                   "Plan Width": 8,                                                                                                         
                   "Actual Startup Time": 608.684,                                                                                          
                   "Actual Total Time": 612.258,                                                                                            
                   "Actual Rows": 16823,                                                                                                    
                   "Actual Loops": 1,                                                                                                       
                   "Output": ["htqo_lineitem_stage_2_2c7890.x20", "htqo_lineitem_stage_2_2c7890.x3"],                                       
                   "Group Key": ["htqo_lineitem_stage_2_2c7890.x20", "htqo_lineitem_stage_2_2c7890.x3"],                                    
                   "Planned Partitions": 0,                                                                                                 
                   "HashAgg Batches": 1,                                                                                                    
                   "Peak Memory Usage": 1809,                                                                                               
                   "Disk Usage": 0,                                                                                                         
                   "Shared Hit Blocks": 2112,                                                                                               
                   "Shared Read Blocks": 4354,                                                                                              
                   "Shared Dirtied Blocks": 0,                                                                                              
                   "Shared Written Blocks": 0,                                                                                              
                   "Local Hit Blocks": 0,                                                                                                   
                   "Local Read Blocks": 0,                                                                                                  
                   "Local Dirtied Blocks": 0,                                                                                               
                   "Local Written Blocks": 0,                                                                                               
                   "Temp Read Blocks": 0,                                                                                                   
                   "Temp Written Blocks": 0,                                                                                                
                   "Plans": [                                                                                                               
                     {                                                                                                                      
                       "Node Type": "Seq Scan",                                                                                             
                       "Parent Relationship": "Outer",                                                                                      
                       "Parallel Aware": false,                                                                                             
                       "Relation Name": "htqo_lineitem_stage_2_2c7890",                                                                     
                       "Schema": "public",                                                                                                  
                       "Alias": "htqo_lineitem_stage_2_2c7890",                                                                             
                       "Startup Cost": 0.00,                                                                                                
                       "Total Cost": 21078.71,                                                                                              
                       "Plan Rows": 1461271,                                                                                                
                       "Plan Width": 8,                                                                                                     
                       "Actual Startup Time": 0.039,                                                                                        
                       "Actual Total Time": 164.408,                                                                                        
                       "Actual Rows": 1461271,                                                                                              
                       "Actual Loops": 1,                                                                                                   
                       "Output": ["htqo_lineitem_stage_2_2c7890.x20", "htqo_lineitem_stage_2_2c7890.x3"],                                   
                       "Shared Hit Blocks": 2112,                                                                                           
                       "Shared Read Blocks": 4354,                                                                                          
                       "Shared Dirtied Blocks": 0,                                                                                          
                       "Shared Written Blocks": 0,                                                                                          
                       "Local Hit Blocks": 0,                                                                                               
                       "Local Read Blocks": 0,                                                                                              
                       "Local Dirtied Blocks": 0,                                                                                           
                       "Local Written Blocks": 0,                                                                                           
                       "Temp Read Blocks": 0,                                                                                               
                       "Temp Written Blocks": 0                                                                                             
                     }                                                                                                                      
                   ]                                                                                                                        
                 }                                                                                                                          
               ]                                                                                                                            
             },                                                                                                                             
             {                                                                                                                              
               "Node Type": "Hash",                                                                                                         
               "Parent Relationship": "Inner",                                                                                              
               "Parallel Aware": false,                                                                                                     
               "Startup Cost": 22960.76,                                                                                                    
               "Total Cost": 22960.76,                                                                                                      
               "Plan Rows": 461283,                                                                                                         
               "Plan Width": 12,                                                                                                            
               "Actual Startup Time": 411.416,                                                                                              
               "Actual Total Time": 411.420,                                                                                                
               "Actual Rows": 374844,                                                                                                       
               "Actual Loops": 1,                                                                                                           
               "Output": ["htqo_orders_stage_3_2c7890.x25", "htqo_orders_stage_3_2c7890.x16", "htqo_orders_stage_3_2c7890.x20"],            
               "Hash Buckets": 131072,                                                                                                      
               "Original Hash Buckets": 131072,                                                                                             
               "Hash Batches": 8,                                                                                                           
               "Original Hash Batches": 8,                                                                                                  
               "Peak Memory Usage": 3009,                                                                                                   
               "Shared Hit Blocks": 2138,                                                                                                   
               "Shared Read Blocks": 0,                                                                                                     
               "Shared Dirtied Blocks": 0,                                                                                                  
               "Shared Written Blocks": 0,                                                                                                  
               "Local Hit Blocks": 0,                                                                                                       
               "Local Read Blocks": 0,                                                                                                      
               "Local Dirtied Blocks": 0,                                                                                                   
               "Local Written Blocks": 0,                                                                                                   
               "Temp Read Blocks": 1352,                                                                                                    
               "Temp Written Blocks": 2634,                                                                                                 
               "Plans": [                                                                                                                   
                 {                                                                                                                          
                   "Node Type": "Hash Join",                                                                                                
                   "Parent Relationship": "Outer",                                                                                          
                   "Parallel Aware": false,                                                                                                 
                   "Join Type": "Inner",                                                                                                    
                   "Startup Cost": 12291.99,                                                                                                
                   "Total Cost": 22960.76,                                                                                                  
                   "Plan Rows": 461283,                                                                                                     
                   "Plan Width": 12,                                                                                                        
                   "Actual Startup Time": 187.115,                                                                                          
                   "Actual Total Time": 305.263,                                                                                            
                   "Actual Rows": 374844,                                                                                                   
                   "Actual Loops": 1,                                                                                                       
                   "Output": ["htqo_orders_stage_3_2c7890.x25", "htqo_orders_stage_3_2c7890.x16", "htqo_orders_stage_3_2c7890.x20"],        
                   "Inner Unique": false,                                                                                                   
                   "Hash Cond": "(htqo_customer_stage_3_2c7890.x25 = htqo_orders_stage_3_2c7890.x25)",                                      
                   "Shared Hit Blocks": 2138,                                                                                               
                   "Shared Read Blocks": 0,                                                                                                 
                   "Shared Dirtied Blocks": 0,                                                                                              
                   "Shared Written Blocks": 0,                                                                                              
                   "Local Hit Blocks": 0,                                                                                                   
                   "Local Read Blocks": 0,                                                                                                  
                   "Local Dirtied Blocks": 0,                                                                                               
                   "Local Written Blocks": 0,                                                                                               
                   "Temp Read Blocks": 1352,                                                                                                
                   "Temp Written Blocks": 1352,                                                                                             
                   "Plans": [                                                                                                               
                     {                                                                                                                      
                       "Node Type": "Seq Scan",                                                                                             
                       "Parent Relationship": "Outer",                                                                                      
                       "Parallel Aware": false,                                                                                             
                       "Relation Name": "htqo_customer_stage_3_2c7890",                                                                     
                       "Schema": "public",                                                                                                  
                       "Alias": "htqo_customer_stage_3_2c7890",                                                                             
                       "Startup Cost": 0.00,                                                                                                
                       "Total Cost": 394.05,                                                                                                
                       "Plan Rows": 28305,                                                                                                  
                       "Plan Width": 4,                                                                                                     
                       "Actual Startup Time": 0.011,                                                                                        
                       "Actual Total Time": 3.097,                                                                                          
                       "Actual Rows": 24998,                                                                                                
                       "Actual Loops": 1,                                                                                                   
                       "Output": ["htqo_customer_stage_3_2c7890.x25"],                                                                      
                       "Shared Hit Blocks": 111,                                                                                            
                       "Shared Read Blocks": 0,                                                                                             
                       "Shared Dirtied Blocks": 0,                                                                                          
                       "Shared Written Blocks": 0,                                                                                          
                       "Local Hit Blocks": 0,                                                                                               
                       "Local Read Blocks": 0,                                                                                              
                       "Local Dirtied Blocks": 0,                                                                                           
                       "Local Written Blocks": 0,                                                                                           
                       "Temp Read Blocks": 0,                                                                                               
                       "Temp Written Blocks": 0                                                                                             
                     },                                                                                                                     
                     {                                                                                                                      
                       "Node Type": "Hash",                                                                                                 
                       "Parent Relationship": "Inner",                                                                                      
                       "Parallel Aware": false,                                                                                             
                       "Startup Cost": 5775.44,                                                                                             
                       "Total Cost": 5775.44,                                                                                               
                       "Plan Rows": 374844,                                                                                                 
                       "Plan Width": 12,                                                                                                    
                       "Actual Startup Time": 186.877,                                                                                      
                       "Actual Total Time": 186.878,                                                                                        
                       "Actual Rows": 374844,                                                                                               
                       "Actual Loops": 1,                                                                                                   
                       "Output": ["htqo_orders_stage_3_2c7890.x25", "htqo_orders_stage_3_2c7890.x16", "htqo_orders_stage_3_2c7890.x20"],    
                       "Hash Buckets": 131072,                                                                                              
                       "Original Hash Buckets": 131072,                                                                                     
                       "Hash Batches": 8,                                                                                                   
                       "Original Hash Batches": 8,                                                                                          
                       "Peak Memory Usage": 3047,                                                                                           
                       "Shared Hit Blocks": 2027,                                                                                           
                       "Shared Read Blocks": 0,                                                                                             
                       "Shared Dirtied Blocks": 0,                                                                                          
                       "Shared Written Blocks": 0,                                                                                          
                       "Local Hit Blocks": 0,                                                                                               
                       "Local Read Blocks": 0,                                                                                              
                       "Local Dirtied Blocks": 0,                                                                                           
                       "Local Written Blocks": 0,                                                                                           
                       "Temp Read Blocks": 0,                                                                                               
                       "Temp Written Blocks": 1276,                                                                                         
                       "Plans": [                                                                                                           
                         {                                                                                                                  
                           "Node Type": "Seq Scan",                                                                                         
                           "Parent Relationship": "Outer",                                                                                  
                           "Parallel Aware": false,                                                                                         
                           "Relation Name": "htqo_orders_stage_3_2c7890",                                                                   
                           "Schema": "public",                                                                                              
                           "Alias": "htqo_orders_stage_3_2c7890",                                                                           
                           "Startup Cost": 0.00,                                                                                            
                           "Total Cost": 5775.44,                                                                                           
                           "Plan Rows": 374844,                                                                                             
                           "Plan Width": 12,                                                                                                
                           "Actual Startup Time": 18.297,                                                                                   
                           "Actual Total Time": 81.990,                                                                                     
                           "Actual Rows": 374844,                                                                                           
                           "Actual Loops": 1,                                                                                               
                           "Output": ["htqo_orders_stage_3_2c7890.x25", "htqo_orders_stage_3_2c7890.x16", "htqo_orders_stage_3_2c7890.x20"],
                           "Shared Hit Blocks": 2027,                                                                                       
                           "Shared Read Blocks": 0,                                                                                         
                           "Shared Dirtied Blocks": 0,                                                                                      
                           "Shared Written Blocks": 0,                                                                                      
                           "Local Hit Blocks": 0,                                                                                           
                           "Local Read Blocks": 0,                                                                                          
                           "Local Dirtied Blocks": 0,                                                                                       
                           "Local Written Blocks": 0,                                                                                       
                           "Temp Read Blocks": 0,                                                                                           
                           "Temp Written Blocks": 0                                                                                         
                         }                                                                                                                  
                       ]                                                                                                                    
                     }                                                                                                                      
                   ]                                                                                                                        
                 }                                                                                                                          
               ]                                                                                                                            
             }                                                                                                                              
           ]                                                                                                                                
         }                                                                                                                                  
       ]                                                                                                                                    
     },                                                                                                                                     
     "Planning": {                                                                                                                          
       "Shared Hit Blocks": 0,                                                                                                              
       "Shared Read Blocks": 0,                                                                                                             
       "Shared Dirtied Blocks": 0,                                                                                                          
       "Shared Written Blocks": 0,                                                                                                          
       "Local Hit Blocks": 0,                                                                                                               
       "Local Read Blocks": 0,                                                                                                              
       "Local Dirtied Blocks": 0,                                                                                                           
       "Local Written Blocks": 0,                                                                                                           
       "Temp Read Blocks": 0,                                                                                                               
       "Temp Written Blocks": 0                                                                                                             
     },                                                                                                                                     
     "Planning Time": 0.402,                                                                                                                
     "Triggers": [                                                                                                                          
     ],                                                                                                                                     
     "JIT": {                                                                                                                               
       "Functions": 25,                                                                                                                     
       "Options": {                                                                                                                         
         "Inlining": false,                                                                                                                 
         "Optimization": false,                                                                                                             
         "Expressions": true,                                                                                                               
         "Deforming": true                                                                                                                  
       },                                                                                                                                   
       "Timing": {                                                                                                                          
         "Generation": 3.448,                                                                                                               
         "Inlining": 0.000,                                                                                                                 
         "Optimization": 0.698,                                                                                                             
         "Emission": 17.300,                                                                                                                
         "Total": 21.446                                                                                                                    
       }                                                                                                                                    
     },                                                                                                                                     
     "Execution Time": 1796.238                                                                                                             
   }                                                                                                                                        
 ]